SF:/Users/stovak/Projects/SwiftHablare/.build/arm64-apple-macosx/debug/SwiftHablarePackageTests.derived/runner.swift
FN:510,$s24SwiftHablarePackageTests6RunnerV14testingLibrary33_DD02A0D55116EC858EB9B04B0E876BE9LLSSyFZ
FN:527,$s24SwiftHablarePackageTests6RunnerV4mainyyYaFZ
FNDA:1,$s24SwiftHablarePackageTests6RunnerV14testingLibrary33_DD02A0D55116EC858EB9B04B0E876BE9LLSSyFZ
FNDA:1,$s24SwiftHablarePackageTests6RunnerV4mainyyYaFZ
FNF:2
FNH:2
DA:510,1
DA:511,1
DA:512,6
DA:513,6
DA:514,1
DA:515,5
DA:516,5
DA:517,0
DA:518,0
DA:519,0
DA:520,1
DA:527,1
DA:528,1
DA:530,1
DA:536,1
DA:538,1
DA:546,1
BRF:0
BRH:0
LF:17
LH:14
end_of_record
SF:/Users/stovak/Projects/SwiftHablare/.build/checkouts/SwiftFijos/Sources/SwiftFijos/Fijos.swift
FN:18,$s10SwiftFijos7FixtureV3urlAC10Foundation3URLV_tcfC
FN:35,$s10SwiftFijos0B0O20getFixturesDirectory4from10Foundation3URLVAHSg_tKFZ
FN:89,$s10SwiftFijos0B0O14hasProjectRoot33_D01399571CA10108CBB5F6A6126FDB2ELL2atSb10Foundation3URLV_tFZ
FN:102,$s10SwiftFijos0B0O14hasProjectRoot33_D01399571CA10108CBB5F6A6126FDB2ELL2atSb10Foundation3URLV_tFZSbyKXEfu_
FN:120,$s10SwiftFijos0B0O10getFixture_9extension10Foundation3URLVSS_SStKFZ
FN:132,$s10SwiftFijos0B0O12listFixturesSayAA7FixtureVGyKFZ
FN:143,$s10SwiftFijos0B0O12listFixturesSayAA7FixtureVGyKFZSb10Foundation3URLVXEfU_
FN:145,$s10SwiftFijos0B0O12listFixturesSayAA7FixtureVGyKFZSb10Foundation3URLVXEfU_SbyKXEfu_
FN:147,$s10SwiftFijos0B0O12listFixturesSayAA7FixtureVGyKFZAF10Foundation3URLVXEfU0_
FN:148,$s10SwiftFijos0B0O12listFixturesSayAA7FixtureVGyKFZSbAF_AFtXEfU1_
FN:152,$s10SwiftFijos0B0O12listFixtures13withExtensionSayAA7FixtureVGSS_tKFZ
FN:156,$s10SwiftFijos0B0O12listFixtures13withExtensionSayAA7FixtureVGSS_tKFZSbAGXEfU_
FN:162,$s10SwiftFijos0B0O12findFixtures8matchingSayAA7FixtureVGSS_tKFZ
FN:166,$s10SwiftFijos0B0O12findFixtures8matchingSayAA7FixtureVGSS_tKFZSbAGXEfU_
FN:172,$s10SwiftFijos0B0O19availableExtensionsSaySSGyKFZ
FN:174,$s10SwiftFijos0B0O19availableExtensionsSaySSGyKFZSSAA7FixtureVXEfU_
FNDA:0,$s10SwiftFijos7FixtureV3urlAC10Foundation3URLV_tcfC
FNDA:0,$s10SwiftFijos0B0O20getFixturesDirectory4from10Foundation3URLVAHSg_tKFZ
FNDA:0,$s10SwiftFijos0B0O14hasProjectRoot33_D01399571CA10108CBB5F6A6126FDB2ELL2atSb10Foundation3URLV_tFZ
FNDA:0,$s10SwiftFijos0B0O14hasProjectRoot33_D01399571CA10108CBB5F6A6126FDB2ELL2atSb10Foundation3URLV_tFZSbyKXEfu_
FNDA:0,$s10SwiftFijos0B0O10getFixture_9extension10Foundation3URLVSS_SStKFZ
FNDA:0,$s10SwiftFijos0B0O12listFixturesSayAA7FixtureVGyKFZ
FNDA:0,$s10SwiftFijos0B0O12listFixturesSayAA7FixtureVGyKFZSb10Foundation3URLVXEfU_
FNDA:0,$s10SwiftFijos0B0O12listFixturesSayAA7FixtureVGyKFZSb10Foundation3URLVXEfU_SbyKXEfu_
FNDA:0,$s10SwiftFijos0B0O12listFixturesSayAA7FixtureVGyKFZAF10Foundation3URLVXEfU0_
FNDA:0,$s10SwiftFijos0B0O12listFixturesSayAA7FixtureVGyKFZSbAF_AFtXEfU1_
FNDA:0,$s10SwiftFijos0B0O12listFixtures13withExtensionSayAA7FixtureVGSS_tKFZ
FNDA:0,$s10SwiftFijos0B0O12listFixtures13withExtensionSayAA7FixtureVGSS_tKFZSbAGXEfU_
FNDA:0,$s10SwiftFijos0B0O12findFixtures8matchingSayAA7FixtureVGSS_tKFZ
FNDA:0,$s10SwiftFijos0B0O12findFixtures8matchingSayAA7FixtureVGSS_tKFZSbAGXEfU_
FNDA:0,$s10SwiftFijos0B0O19availableExtensionsSaySSGyKFZ
FNDA:0,$s10SwiftFijos0B0O19availableExtensionsSaySSGyKFZSSAA7FixtureVXEfU_
FNF:16
FNH:0
DA:18,0
DA:19,0
DA:20,0
DA:21,0
DA:22,0
DA:23,0
DA:35,0
DA:36,0
DA:37,0
DA:38,0
DA:39,0
DA:40,0
DA:41,0
DA:42,0
DA:43,0
DA:44,0
DA:45,0
DA:46,0
DA:47,0
DA:48,0
DA:49,0
DA:50,0
DA:51,0
DA:52,0
DA:53,0
DA:54,0
DA:55,0
DA:56,0
DA:57,0
DA:58,0
DA:59,0
DA:60,0
DA:61,0
DA:62,0
DA:63,0
DA:64,0
DA:65,0
DA:66,0
DA:67,0
DA:68,0
DA:69,0
DA:70,0
DA:71,0
DA:72,0
DA:73,0
DA:74,0
DA:75,0
DA:76,0
DA:77,0
DA:78,0
DA:79,0
DA:80,0
DA:81,0
DA:82,0
DA:83,0
DA:84,0
DA:85,0
DA:89,0
DA:90,0
DA:91,0
DA:92,0
DA:93,0
DA:94,0
DA:95,0
DA:96,0
DA:97,0
DA:98,0
DA:99,0
DA:100,0
DA:101,0
DA:102,0
DA:103,0
DA:104,0
DA:105,0
DA:106,0
DA:107,0
DA:108,0
DA:109,0
DA:110,0
DA:111,0
DA:112,0
DA:113,0
DA:114,0
DA:115,0
DA:116,0
DA:117,0
DA:120,0
DA:121,0
DA:122,0
DA:123,0
DA:124,0
DA:125,0
DA:126,0
DA:127,0
DA:128,0
DA:129,0
DA:132,0
DA:133,0
DA:134,0
DA:135,0
DA:136,0
DA:137,0
DA:138,0
DA:139,0
DA:140,0
DA:141,0
DA:142,0
DA:143,0
DA:144,0
DA:145,0
DA:146,0
DA:147,0
DA:148,0
DA:149,0
DA:152,0
DA:153,0
DA:154,0
DA:155,0
DA:156,0
DA:157,0
DA:158,0
DA:159,0
DA:162,0
DA:163,0
DA:164,0
DA:165,0
DA:166,0
DA:167,0
DA:168,0
DA:169,0
DA:172,0
DA:173,0
DA:174,0
DA:175,0
DA:176,0
BRF:0
BRH:0
LF:150
LH:0
end_of_record
SF:/Users/stovak/Projects/SwiftHablare/Sources/SwiftHablare/Core/AICapability.swift
FN:51,$s12SwiftHablare12AICapabilityO8rawValueSSvg
FN:68,$s12SwiftHablare12AICapabilityO4fromACs7Decoder_p_tKcfC
FN:86,$s12SwiftHablare12AICapabilityO6encode2toys7Encoder_p_tKF
FN:99,$s12SwiftHablare12AICapabilityO16allStandardCasesSayACGvgZ
FN:116,$s12SwiftHablare12AICapabilityO11displayNameSSvg
FN:135,$s12SwiftHablare12AICapabilityO2eeoiySbAC_ACtFZ
FN:158,$s12SwiftHablare12AICapabilityO4hash4intoys6HasherVz_tF
FNDA:3032,$s12SwiftHablare12AICapabilityO8rawValueSSvg
FNDA:0,$s12SwiftHablare12AICapabilityO4fromACs7Decoder_p_tKcfC
FNDA:0,$s12SwiftHablare12AICapabilityO6encode2toys7Encoder_p_tKF
FNDA:0,$s12SwiftHablare12AICapabilityO16allStandardCasesSayACGvgZ
FNDA:0,$s12SwiftHablare12AICapabilityO11displayNameSSvg
FNDA:2886,$s12SwiftHablare12AICapabilityO2eeoiySbAC_ACtFZ
FNDA:3032,$s12SwiftHablare12AICapabilityO4hash4intoys6HasherVz_tF
FNF:7
FNH:3
DA:51,3032
DA:52,3032
DA:53,3032
DA:54,3032
DA:55,3032
DA:56,3032
DA:57,3032
DA:58,3032
DA:59,3032
DA:60,3032
DA:61,3032
DA:62,3032
DA:63,3032
DA:64,3032
DA:68,0
DA:69,0
DA:70,0
DA:71,0
DA:72,0
DA:73,0
DA:74,0
DA:75,0
DA:76,0
DA:77,0
DA:78,0
DA:79,0
DA:80,0
DA:81,0
DA:82,0
DA:83,0
DA:84,0
DA:86,0
DA:87,0
DA:88,0
DA:89,0
DA:90,0
DA:91,0
DA:92,0
DA:93,0
DA:94,0
DA:99,0
DA:100,0
DA:101,0
DA:102,0
DA:103,0
DA:104,0
DA:105,0
DA:106,0
DA:107,0
DA:108,0
DA:109,0
DA:110,0
DA:111,0
DA:116,0
DA:117,0
DA:118,0
DA:119,0
DA:120,0
DA:121,0
DA:122,0
DA:123,0
DA:124,0
DA:125,0
DA:126,0
DA:127,0
DA:128,0
DA:129,0
DA:135,2886
DA:136,2886
DA:137,2886
DA:138,0
DA:139,2886
DA:140,2861
DA:141,2861
DA:142,2861
DA:143,2861
DA:144,2861
DA:145,2861
DA:146,2861
DA:147,2861
DA:148,2861
DA:149,2886
DA:150,25
DA:151,2886
DA:152,2886
DA:158,3032
DA:159,3032
DA:160,3032
DA:161,0
DA:162,0
DA:163,3032
DA:164,3032
DA:165,3032
DA:166,3032
BRF:0
BRH:0
LF:94
LH:38
end_of_record
SF:/Users/stovak/Projects/SwiftHablare/Sources/SwiftHablare/Core/AIContentValidator.swift
FN:37,$s12SwiftHablare18AIContentValidatorC16ValidationResultO7isValidSbvg
FN:48,$s12SwiftHablare18AIContentValidatorC11customRules33_BC0DBC190F8E855918C6DFF922472598LLSDySSAC14ValidationRuleVGvpfi
FN:52,$s12SwiftHablare18AIContentValidatorCACycfc
FN:66,$s12SwiftHablare18AIContentValidatorC8validate5value11constraintsyyp_SDyS2SGtKF
FN:82,$s12SwiftHablare18AIContentValidatorC13validateValue_11constraintsAC16ValidationResultOyp_SDyS2SGtF
FN:98,$s12SwiftHablare18AIContentValidatorC28validateValueWithCustomRules_11constraintsAC16ValidationResultOyp_SDyS2SGtF
FN:124,$s12SwiftHablare18AIContentValidatorC12registerRuleyyAC010ValidationF0VF
FN:131,$s12SwiftHablare18AIContentValidatorC14unregisterRule4nameySS_tF
FN:141,$s12SwiftHablare18AIContentValidatorC18validateConstraint33_BC0DBC190F8E855918C6DFF922472598LL_4name5valueAC16ValidationResultOyp_S2StF
FN:167,$s12SwiftHablare18AIContentValidatorC17validateMinLength33_BC0DBC190F8E855918C6DFF922472598LL_10constraintAC16ValidationResultOyp_SStF
FN:191,$s12SwiftHablare18AIContentValidatorC17validateMaxLength33_BC0DBC190F8E855918C6DFF922472598LL_10constraintAC16ValidationResultOyp_SStF
FN:215,$s12SwiftHablare18AIContentValidatorC16validateMinValue33_BC0DBC190F8E855918C6DFF922472598LL_10constraintAC16ValidationResultOyp_SStF
FN:239,$s12SwiftHablare18AIContentValidatorC16validateMaxValue33_BC0DBC190F8E855918C6DFF922472598LL_10constraintAC16ValidationResultOyp_SStF
FN:263,$s12SwiftHablare18AIContentValidatorC15validatePattern33_BC0DBC190F8E855918C6DFF922472598LL_10constraintAC16ValidationResultOyp_SStF
FN:286,$s12SwiftHablare18AIContentValidatorC21validateAllowedValues33_BC0DBC190F8E855918C6DFF922472598LL_10constraintAC16ValidationResultOyp_SStF
FN:288,$s12SwiftHablare18AIContentValidatorC21validateAllowedValues33_BC0DBC190F8E855918C6DFF922472598LL_10constraintAC16ValidationResultOyp_SStFSSSsXEfU_
FN:299,$s12SwiftHablare18AIContentValidatorC14validateFormat33_BC0DBC190F8E855918C6DFF922472598LL_10constraintAC16ValidationResultOyp_SStF
FN:319,$s12SwiftHablare18AIContentValidatorC16validateRequired33_BC0DBC190F8E855918C6DFF922472598LL_10constraintAC16ValidationResultOyp_SStF
FN:321,$s12SwiftHablare18AIContentValidatorC16validateRequired33_BC0DBC190F8E855918C6DFF922472598LL_10constraintAC16ValidationResultOyp_SStFSbyKXEfu_
FN:343,$s12SwiftHablare18AIContentValidatorC13validateEmail33_BC0DBC190F8E855918C6DFF922472598LLyAC16ValidationResultOSSF
FN:347,$s12SwiftHablare18AIContentValidatorC13validateEmail33_BC0DBC190F8E855918C6DFF922472598LLyAC16ValidationResultOSSFSaySo014NSTextCheckingN0CGyKXEfu_
FN:357,$s12SwiftHablare18AIContentValidatorC11validateURL33_BC0DBC190F8E855918C6DFF922472598LLyAC16ValidationResultOSSF
FN:371,$s12SwiftHablare18AIContentValidatorC12validateUUID33_BC0DBC190F8E855918C6DFF922472598LLyAC16ValidationResultOSSF
FNDA:36,$s12SwiftHablare18AIContentValidatorC16ValidationResultO7isValidSbvg
FNDA:30,$s12SwiftHablare18AIContentValidatorC11customRules33_BC0DBC190F8E855918C6DFF922472598LLSDySSAC14ValidationRuleVGvpfi
FNDA:30,$s12SwiftHablare18AIContentValidatorCACycfc
FNDA:37,$s12SwiftHablare18AIContentValidatorC8validate5value11constraintsyyp_SDyS2SGtKF
FNDA:0,$s12SwiftHablare18AIContentValidatorC13validateValue_11constraintsAC16ValidationResultOyp_SDyS2SGtF
FNDA:37,$s12SwiftHablare18AIContentValidatorC28validateValueWithCustomRules_11constraintsAC16ValidationResultOyp_SDyS2SGtF
FNDA:4,$s12SwiftHablare18AIContentValidatorC12registerRuleyyAC010ValidationF0VF
FNDA:1,$s12SwiftHablare18AIContentValidatorC14unregisterRule4nameySS_tF
FNDA:36,$s12SwiftHablare18AIContentValidatorC18validateConstraint33_BC0DBC190F8E855918C6DFF922472598LL_4name5valueAC16ValidationResultOyp_S2StF
FNDA:6,$s12SwiftHablare18AIContentValidatorC17validateMinLength33_BC0DBC190F8E855918C6DFF922472598LL_10constraintAC16ValidationResultOyp_SStF
FNDA:6,$s12SwiftHablare18AIContentValidatorC17validateMaxLength33_BC0DBC190F8E855918C6DFF922472598LL_10constraintAC16ValidationResultOyp_SStF
FNDA:3,$s12SwiftHablare18AIContentValidatorC16validateMinValue33_BC0DBC190F8E855918C6DFF922472598LL_10constraintAC16ValidationResultOyp_SStF
FNDA:3,$s12SwiftHablare18AIContentValidatorC16validateMaxValue33_BC0DBC190F8E855918C6DFF922472598LL_10constraintAC16ValidationResultOyp_SStF
FNDA:2,$s12SwiftHablare18AIContentValidatorC15validatePattern33_BC0DBC190F8E855918C6DFF922472598LL_10constraintAC16ValidationResultOyp_SStF
FNDA:2,$s12SwiftHablare18AIContentValidatorC21validateAllowedValues33_BC0DBC190F8E855918C6DFF922472598LL_10constraintAC16ValidationResultOyp_SStF
FNDA:6,$s12SwiftHablare18AIContentValidatorC21validateAllowedValues33_BC0DBC190F8E855918C6DFF922472598LL_10constraintAC16ValidationResultOyp_SStFSSSsXEfU_
FNDA:8,$s12SwiftHablare18AIContentValidatorC14validateFormat33_BC0DBC190F8E855918C6DFF922472598LL_10constraintAC16ValidationResultOyp_SStF
FNDA:4,$s12SwiftHablare18AIContentValidatorC16validateRequired33_BC0DBC190F8E855918C6DFF922472598LL_10constraintAC16ValidationResultOyp_SStF
FNDA:0,$s12SwiftHablare18AIContentValidatorC16validateRequired33_BC0DBC190F8E855918C6DFF922472598LL_10constraintAC16ValidationResultOyp_SStFSbyKXEfu_
FNDA:3,$s12SwiftHablare18AIContentValidatorC13validateEmail33_BC0DBC190F8E855918C6DFF922472598LLyAC16ValidationResultOSSF
FNDA:0,$s12SwiftHablare18AIContentValidatorC13validateEmail33_BC0DBC190F8E855918C6DFF922472598LLyAC16ValidationResultOSSFSaySo014NSTextCheckingN0CGyKXEfu_
FNDA:3,$s12SwiftHablare18AIContentValidatorC11validateURL33_BC0DBC190F8E855918C6DFF922472598LLyAC16ValidationResultOSSF
FNDA:2,$s12SwiftHablare18AIContentValidatorC12validateUUID33_BC0DBC190F8E855918C6DFF922472598LLyAC16ValidationResultOSSF
FNF:23
FNH:20
DA:37,36
DA:38,36
DA:39,23
DA:40,23
DA:41,13
DA:42,36
DA:48,30
DA:52,30
DA:53,30
DA:54,30
DA:66,37
DA:67,37
DA:68,37
DA:69,15
DA:70,22
DA:71,22
DA:82,0
DA:83,0
DA:84,0
DA:85,0
DA:86,0
DA:87,0
DA:88,0
DA:89,0
DA:90,0
DA:98,37
DA:99,39
DA:100,39
DA:101,39
DA:102,3
DA:103,3
DA:104,3
DA:105,2
DA:106,2
DA:107,1
DA:108,0
DA:109,1
DA:110,36
DA:111,36
DA:112,36
DA:113,36
DA:114,13
DA:115,23
DA:116,24
DA:117,24
DA:118,22
DA:119,37
DA:124,4
DA:125,4
DA:126,4
DA:131,1
DA:132,1
DA:133,1
DA:141,36
DA:142,36
DA:143,36
DA:144,36
DA:145,6
DA:146,36
DA:147,6
DA:148,36
DA:149,3
DA:150,36
DA:151,3
DA:152,36
DA:153,2
DA:154,36
DA:155,2
DA:156,36
DA:157,8
DA:158,36
DA:159,4
DA:160,36
DA:161,2
DA:162,2
DA:163,36
DA:164,36
DA:167,6
DA:168,6
DA:169,0
DA:170,6
DA:171,6
DA:172,6
DA:173,6
DA:174,4
DA:175,4
DA:176,2
DA:177,2
DA:178,0
DA:179,0
DA:180,0
DA:181,6
DA:182,6
DA:183,6
DA:184,2
DA:185,4
DA:186,4
DA:187,4
DA:188,6
DA:191,6
DA:192,6
DA:193,0
DA:194,6
DA:195,6
DA:196,6
DA:197,6
DA:198,4
DA:199,4
DA:200,2
DA:201,2
DA:202,0
DA:203,0
DA:204,0
DA:205,6
DA:206,6
DA:207,6
DA:208,2
DA:209,4
DA:210,4
DA:211,4
DA:212,6
DA:215,3
DA:216,3
DA:217,0
DA:218,3
DA:219,3
DA:220,3
DA:221,3
DA:222,2
DA:223,2
DA:224,1
DA:225,1
DA:226,0
DA:227,0
DA:228,0
DA:229,3
DA:230,3
DA:231,3
DA:232,1
DA:233,2
DA:234,2
DA:235,2
DA:236,3
DA:239,3
DA:240,3
DA:241,0
DA:242,3
DA:243,3
DA:244,3
DA:245,3
DA:246,2
DA:247,2
DA:248,1
DA:249,1
DA:250,0
DA:251,0
DA:252,0
DA:253,3
DA:254,3
DA:255,3
DA:256,1
DA:257,2
DA:258,2
DA:259,2
DA:260,3
DA:263,2
DA:264,2
DA:265,2
DA:266,2
DA:267,0
DA:268,2
DA:269,2
DA:270,2
DA:271,2
DA:272,2
DA:273,2
DA:274,2
DA:275,2
DA:276,1
DA:277,1
DA:278,1
DA:279,1
DA:280,2
DA:281,0
DA:282,0
DA:283,2
DA:286,2
DA:287,2
DA:288,6
DA:289,2
DA:290,2
DA:291,2
DA:292,1
DA:293,1
DA:294,1
DA:295,1
DA:296,2
DA:299,8
DA:300,8
DA:301,8
DA:302,8
DA:303,0
DA:304,8
DA:305,8
DA:306,8
DA:307,8
DA:308,3
DA:309,8
DA:310,3
DA:311,8
DA:312,2
DA:313,8
DA:314,0
DA:315,8
DA:316,8
DA:319,4
DA:320,4
DA:321,4
DA:322,4
DA:323,0
DA:324,4
DA:325,4
DA:326,4
DA:327,4
DA:328,1
DA:329,3
DA:330,3
DA:331,3
DA:332,1
DA:333,2
DA:334,2
DA:335,2
DA:336,0
DA:337,2
DA:338,2
DA:339,2
DA:340,4
DA:343,3
DA:344,3
DA:345,3
DA:346,3
DA:347,3
DA:348,3
DA:349,3
DA:350,1
DA:351,2
DA:352,2
DA:353,2
DA:354,3
DA:357,3
DA:358,3
DA:359,0
DA:360,3
DA:361,3
DA:362,3
DA:363,3
DA:364,1
DA:365,2
DA:366,2
DA:367,2
DA:368,3
DA:371,2
DA:372,2
DA:373,1
DA:374,1
DA:375,1
DA:376,2
BRF:0
BRH:0
LF:270
LH:234
end_of_record
SF:/Users/stovak/Projects/SwiftHablare/Sources/SwiftHablare/Core/AIDataCoordinator.swift
FN:7,$s12SwiftHablare20UncheckedSendableBox33_C3A3FE1234B033F2BDD8997B23838EB7LLVyADypcfC
FN:67,$s12SwiftHablare17AIDataCoordinatorC9validator6binderAcA18AIContentValidatorC_AA16AIPropertyBinderVtcfc
FN:98,$s12SwiftHablare17AIDataCoordinatorC13mergeResponse_4into8property7context11constraints9transformyAA14AIResponseDataV_xs24ReferenceWritableKeyPathCyxq_G0aM012ModelContextCSDyS2SGypAA0F7ContentOKcSgtYaKAO010PersistentR0Rzr0_lF
FN:159,$s12SwiftHablare17AIDataCoordinatorC22mergeMultipleResponses_4into7contextySayAA14AIResponseDataV8response_s14PartialKeyPathCyxG8propertytG_x0aK012ModelContextCtKAO010PersistentQ0RzlF
FN:193,$s12SwiftHablare17AIDataCoordinatorC22createAndMergeResponse_9modelType8property7context11constraintsxAA14AIResponseDataV_xms24ReferenceWritableKeyPathCyxq_G0aO012ModelContextCSDyS2SGtKAN010PersistentT0Rzr0_lF
FN:216,$s12SwiftHablare17AIDataCoordinatorC10mergeBatch9responses4into8property7contextSays6ResultOyyts5Error_pGGSayAA14AIResponseDataVG_SayxGs24ReferenceWritableKeyPathCyxq_G0aN012ModelContextCtYaAU010PersistentS0Rzr0_lF
FN:252,$s12SwiftHablare17AIDataCoordinatorC15processResponse_2as9transformxAA14AIResponseDataV_xmxAA0F7ContentOKcSgtKlF
FN:285,$s12SwiftHablare17AIDataCoordinatorC16validateResponse_11constraintsyAA14AIResponseDataV_SDyS2SGtYaKF
FN:318,$s12SwiftHablare17AIDataCoordinatorC22registerValidationRuleyyAA18AIContentValidatorC0fG0VF
FN:319,$s12SwiftHablare17AIDataCoordinatorC22registerValidationRuleyyAA18AIContentValidatorC0fG0VFyyYacfU_
FN:330,$s12SwiftHablare17AIDataCoordinatorC21convertContentToValue33_C3A3FE1234B033F2BDD8997B23838EB7LL_3forypAA08ResponseF0O_s24ReferenceWritableKeyPathCyxq_GtKr0_lF
FN:351,$s12SwiftHablare17AIDataCoordinatorC14convertContent33_C3A3FE1234B033F2BDD8997B23838EB7LL_2toypAA08ResponseF0O_xmtKlF
FN:412,$s12SwiftHablare17AIDataCoordinatorC17mergeTextResponse_4into8property7contextyAA14AIResponseDataV_xs24ReferenceWritableKeyPathCyxSSG0aL012ModelContextCtYaKAM010PersistentQ0RzlF
FN:418,$s12SwiftHablare17AIDataCoordinatorC17mergeTextResponse_4into8property7contextyAA14AIResponseDataV_xs24ReferenceWritableKeyPathCyxSSG0aL012ModelContextCtYaKAM010PersistentQ0RzlFypAA0G7ContentOKcfU_
FN:440,$s12SwiftHablare17AIDataCoordinatorC17mergeDataResponse_4into8property7contextyAA010AIResponseF0V_xs24ReferenceWritableKeyPathCyx10Foundation0F0VG0aF012ModelContextCtYaKAP010PersistentQ0RzlF
FN:446,$s12SwiftHablare17AIDataCoordinatorC17mergeDataResponse_4into8property7contextyAA010AIResponseF0V_xs24ReferenceWritableKeyPathCyx10Foundation0F0VG0aF012ModelContextCtYaKAP010PersistentQ0RzlFypAA0G7ContentOKcfU_
FNDA:0,$s12SwiftHablare20UncheckedSendableBox33_C3A3FE1234B033F2BDD8997B23838EB7LLVyADypcfC
FNDA:0,$s12SwiftHablare17AIDataCoordinatorC9validator6binderAcA18AIContentValidatorC_AA16AIPropertyBinderVtcfc
FNDA:0,$s12SwiftHablare17AIDataCoordinatorC13mergeResponse_4into8property7context11constraints9transformyAA14AIResponseDataV_xs24ReferenceWritableKeyPathCyxq_G0aM012ModelContextCSDyS2SGypAA0F7ContentOKcSgtYaKAO010PersistentR0Rzr0_lF
FNDA:0,$s12SwiftHablare17AIDataCoordinatorC22mergeMultipleResponses_4into7contextySayAA14AIResponseDataV8response_s14PartialKeyPathCyxG8propertytG_x0aK012ModelContextCtKAO010PersistentQ0RzlF
FNDA:0,$s12SwiftHablare17AIDataCoordinatorC22createAndMergeResponse_9modelType8property7context11constraintsxAA14AIResponseDataV_xms24ReferenceWritableKeyPathCyxq_G0aO012ModelContextCSDyS2SGtKAN010PersistentT0Rzr0_lF
FNDA:0,$s12SwiftHablare17AIDataCoordinatorC10mergeBatch9responses4into8property7contextSays6ResultOyyts5Error_pGGSayAA14AIResponseDataVG_SayxGs24ReferenceWritableKeyPathCyxq_G0aN012ModelContextCtYaAU010PersistentS0Rzr0_lF
FNDA:0,$s12SwiftHablare17AIDataCoordinatorC15processResponse_2as9transformxAA14AIResponseDataV_xmxAA0F7ContentOKcSgtKlF
FNDA:0,$s12SwiftHablare17AIDataCoordinatorC16validateResponse_11constraintsyAA14AIResponseDataV_SDyS2SGtYaKF
FNDA:0,$s12SwiftHablare17AIDataCoordinatorC22registerValidationRuleyyAA18AIContentValidatorC0fG0VF
FNDA:0,$s12SwiftHablare17AIDataCoordinatorC22registerValidationRuleyyAA18AIContentValidatorC0fG0VFyyYacfU_
FNDA:0,$s12SwiftHablare17AIDataCoordinatorC21convertContentToValue33_C3A3FE1234B033F2BDD8997B23838EB7LL_3forypAA08ResponseF0O_s24ReferenceWritableKeyPathCyxq_GtKr0_lF
FNDA:0,$s12SwiftHablare17AIDataCoordinatorC14convertContent33_C3A3FE1234B033F2BDD8997B23838EB7LL_2toypAA08ResponseF0O_xmtKlF
FNDA:0,$s12SwiftHablare17AIDataCoordinatorC17mergeTextResponse_4into8property7contextyAA14AIResponseDataV_xs24ReferenceWritableKeyPathCyxSSG0aL012ModelContextCtYaKAM010PersistentQ0RzlF
FNDA:0,$s12SwiftHablare17AIDataCoordinatorC17mergeTextResponse_4into8property7contextyAA14AIResponseDataV_xs24ReferenceWritableKeyPathCyxSSG0aL012ModelContextCtYaKAM010PersistentQ0RzlFypAA0G7ContentOKcfU_
FNDA:0,$s12SwiftHablare17AIDataCoordinatorC17mergeDataResponse_4into8property7contextyAA010AIResponseF0V_xs24ReferenceWritableKeyPathCyx10Foundation0F0VG0aF012ModelContextCtYaKAP010PersistentQ0RzlF
FNDA:0,$s12SwiftHablare17AIDataCoordinatorC17mergeDataResponse_4into8property7contextyAA010AIResponseF0V_xs24ReferenceWritableKeyPathCyx10Foundation0F0VG0aF012ModelContextCtYaKAP010PersistentQ0RzlFypAA0G7ContentOKcfU_
FNF:16
FNH:0
DA:7,0
DA:8,0
DA:9,0
DA:67,0
DA:68,0
DA:69,0
DA:70,0
DA:98,0
DA:99,0
DA:100,0
DA:101,0
DA:102,0
DA:103,0
DA:104,0
DA:105,0
DA:106,0
DA:107,0
DA:108,0
DA:109,0
DA:110,0
DA:111,0
DA:112,0
DA:113,0
DA:114,0
DA:115,0
DA:116,0
DA:117,0
DA:118,0
DA:119,0
DA:120,0
DA:121,0
DA:122,0
DA:123,0
DA:124,0
DA:125,0
DA:126,0
DA:127,0
DA:128,0
DA:129,0
DA:130,0
DA:131,0
DA:132,0
DA:133,0
DA:134,0
DA:135,0
DA:136,0
DA:137,0
DA:138,0
DA:139,0
DA:140,0
DA:141,0
DA:142,0
DA:143,0
DA:144,0
DA:159,0
DA:160,0
DA:161,0
DA:162,0
DA:163,0
DA:164,0
DA:165,0
DA:166,0
DA:167,0
DA:168,0
DA:169,0
DA:170,0
DA:171,0
DA:172,0
DA:173,0
DA:174,0
DA:175,0
DA:193,0
DA:194,0
DA:195,0
DA:196,0
DA:197,0
DA:216,0
DA:217,0
DA:218,0
DA:219,0
DA:220,0
DA:221,0
DA:222,0
DA:223,0
DA:224,0
DA:225,0
DA:226,0
DA:227,0
DA:228,0
DA:229,0
DA:230,0
DA:231,0
DA:232,0
DA:233,0
DA:234,0
DA:252,0
DA:253,0
DA:254,0
DA:255,0
DA:256,0
DA:257,0
DA:258,0
DA:259,0
DA:260,0
DA:261,0
DA:262,0
DA:263,0
DA:264,0
DA:265,0
DA:266,0
DA:267,0
DA:268,0
DA:269,0
DA:270,0
DA:271,0
DA:272,0
DA:285,0
DA:286,0
DA:287,0
DA:288,0
DA:289,0
DA:290,0
DA:291,0
DA:292,0
DA:293,0
DA:294,0
DA:295,0
DA:296,0
DA:297,0
DA:298,0
DA:299,0
DA:300,0
DA:301,0
DA:302,0
DA:303,0
DA:304,0
DA:305,0
DA:306,0
DA:307,0
DA:308,0
DA:309,0
DA:310,0
DA:311,0
DA:312,0
DA:313,0
DA:318,0
DA:319,0
DA:320,0
DA:321,0
DA:322,0
DA:330,0
DA:331,0
DA:332,0
DA:333,0
DA:334,0
DA:335,0
DA:336,0
DA:337,0
DA:338,0
DA:339,0
DA:340,0
DA:341,0
DA:342,0
DA:343,0
DA:344,0
DA:345,0
DA:351,0
DA:352,0
DA:353,0
DA:354,0
DA:355,0
DA:356,0
DA:357,0
DA:358,0
DA:359,0
DA:360,0
DA:361,0
DA:362,0
DA:363,0
DA:364,0
DA:365,0
DA:366,0
DA:367,0
DA:368,0
DA:369,0
DA:370,0
DA:371,0
DA:372,0
DA:373,0
DA:374,0
DA:375,0
DA:376,0
DA:377,0
DA:378,0
DA:379,0
DA:380,0
DA:381,0
DA:382,0
DA:383,0
DA:384,0
DA:385,0
DA:386,0
DA:387,0
DA:388,0
DA:389,0
DA:390,0
DA:391,0
DA:392,0
DA:412,0
DA:413,0
DA:414,0
DA:415,0
DA:416,0
DA:417,0
DA:418,0
DA:419,0
DA:420,0
DA:421,0
DA:422,0
DA:423,0
DA:424,0
DA:425,0
DA:440,0
DA:441,0
DA:442,0
DA:443,0
DA:444,0
DA:445,0
DA:446,0
DA:447,0
DA:448,0
DA:449,0
DA:450,0
DA:451,0
DA:452,0
DA:453,0
BRF:0
BRH:0
LF:251
LH:0
end_of_record
SF:/Users/stovak/Projects/SwiftHablare/Sources/SwiftHablare/Core/AIGeneratable.swift
FN:41,$s12SwiftHablare18AIGenerationSchemaV10propertiesACSayAA14AIPropertySpecVG_tcfC
FN:45,$s12SwiftHablare18AIGenerationSchemaVyACSayAA14AIPropertySpecVGyXEcfC
FN:81,$s12SwiftHablare14AIPropertySpecV12propertyNameACSS_tcfC
FN:91,$s12SwiftHablare14AIPropertySpecV9providersyACSaySSGF
FN:98,$s12SwiftHablare14AIPropertySpecV11constraints9minLength03maxG0ACSiSg_AGtF
FN:106,$s12SwiftHablare14AIPropertySpecV14promptTemplateyACSSF
FN:113,$s12SwiftHablare14AIPropertySpecV8requiredyACSbF
FN:120,$s12SwiftHablare14AIPropertySpecV8optionalACyF
FN:125,$s12SwiftHablare14AIPropertySpecV13inputPropertyyACSSF
FN:132,$s12SwiftHablare14AIPropertySpecV15resultTransformyACypyp_yptYbKcF
FN:139,$s12SwiftHablare14AIPropertySpecV13addConstraint3key5valueACSS_SStF
FN:166,$s12SwiftHablare10AIProperty_4nameAA0C4SpecVs7KeyPathCyxq_G_SStr0_lF
FN:176,$s12SwiftHablare25AIGenerationSchemaBuilderV10buildBlockySayAA14AIPropertySpecVGAFd_tFZ
FN:180,$s12SwiftHablare25AIGenerationSchemaBuilderV10buildArrayySayAA14AIPropertySpecVGSayAGGFZ
FN:181,$s12SwiftHablare25AIGenerationSchemaBuilderV10buildArrayySayAA14AIPropertySpecVGSayAGGFZA2GXEfU_
FN:184,$s12SwiftHablare25AIGenerationSchemaBuilderV13buildOptionalySayAA14AIPropertySpecVGAGSgFZ
FN:185,$s12SwiftHablare25AIGenerationSchemaBuilderV13buildOptionalySayAA14AIPropertySpecVGAGSgFZAGyKXEfu_
FN:188,$s12SwiftHablare25AIGenerationSchemaBuilderV11buildEither5firstSayAA14AIPropertySpecVGAH_tFZ
FN:192,$s12SwiftHablare25AIGenerationSchemaBuilderV11buildEither6secondSayAA14AIPropertySpecVGAH_tFZ
FNDA:1,$s12SwiftHablare18AIGenerationSchemaV10propertiesACSayAA14AIPropertySpecVG_tcfC
FNDA:5,$s12SwiftHablare18AIGenerationSchemaVyACSayAA14AIPropertySpecVGyXEcfC
FNDA:28,$s12SwiftHablare14AIPropertySpecV12propertyNameACSS_tcfC
FNDA:15,$s12SwiftHablare14AIPropertySpecV9providersyACSaySSGF
FNDA:15,$s12SwiftHablare14AIPropertySpecV11constraints9minLength03maxG0ACSiSg_AGtF
FNDA:6,$s12SwiftHablare14AIPropertySpecV14promptTemplateyACSSF
FNDA:11,$s12SwiftHablare14AIPropertySpecV8requiredyACSbF
FNDA:5,$s12SwiftHablare14AIPropertySpecV8optionalACyF
FNDA:5,$s12SwiftHablare14AIPropertySpecV13inputPropertyyACSSF
FNDA:0,$s12SwiftHablare14AIPropertySpecV15resultTransformyACypyp_yptYbKcF
FNDA:3,$s12SwiftHablare14AIPropertySpecV13addConstraint3key5valueACSS_SStF
FNDA:28,$s12SwiftHablare10AIProperty_4nameAA0C4SpecVs7KeyPathCyxq_G_SStr0_lF
FNDA:5,$s12SwiftHablare25AIGenerationSchemaBuilderV10buildBlockySayAA14AIPropertySpecVGAFd_tFZ
FNDA:0,$s12SwiftHablare25AIGenerationSchemaBuilderV10buildArrayySayAA14AIPropertySpecVGSayAGGFZ
FNDA:0,$s12SwiftHablare25AIGenerationSchemaBuilderV10buildArrayySayAA14AIPropertySpecVGSayAGGFZA2GXEfU_
FNDA:0,$s12SwiftHablare25AIGenerationSchemaBuilderV13buildOptionalySayAA14AIPropertySpecVGAGSgFZ
FNDA:0,$s12SwiftHablare25AIGenerationSchemaBuilderV13buildOptionalySayAA14AIPropertySpecVGAGSgFZAGyKXEfu_
FNDA:0,$s12SwiftHablare25AIGenerationSchemaBuilderV11buildEither5firstSayAA14AIPropertySpecVGAH_tFZ
FNDA:0,$s12SwiftHablare25AIGenerationSchemaBuilderV11buildEither6secondSayAA14AIPropertySpecVGAH_tFZ
FNF:19
FNH:12
DA:41,1
DA:42,1
DA:43,1
DA:45,5
DA:46,5
DA:47,5
DA:81,28
DA:82,28
DA:83,28
DA:84,28
DA:85,28
DA:86,28
DA:91,15
DA:92,15
DA:93,15
DA:94,15
DA:95,15
DA:98,15
DA:99,15
DA:100,15
DA:101,15
DA:102,15
DA:103,15
DA:106,6
DA:107,6
DA:108,6
DA:109,6
DA:110,6
DA:113,11
DA:114,11
DA:115,11
DA:116,11
DA:117,11
DA:120,5
DA:121,5
DA:122,5
DA:125,5
DA:126,5
DA:127,5
DA:128,5
DA:129,5
DA:132,0
DA:133,0
DA:134,0
DA:135,0
DA:136,0
DA:139,3
DA:140,3
DA:141,3
DA:142,3
DA:143,3
DA:166,28
DA:167,28
DA:168,28
DA:176,5
DA:177,5
DA:178,5
DA:180,0
DA:181,0
DA:182,0
DA:184,0
DA:185,0
DA:186,0
DA:188,0
DA:189,0
DA:190,0
DA:192,0
DA:193,0
DA:194,0
BRF:0
BRH:0
LF:71
LH:52
end_of_record
SF:/Users/stovak/Projects/SwiftHablare/Sources/SwiftHablare/Core/AIPersistenceCoordinator.swift
FN:10,$s12SwiftHablare20UncheckedSendableBox33_DA20B1CC9C2A6EFCFD0B01C4ED08CCC0LLVyADypcfC
FN:68,$s12SwiftHablare24AIPersistenceCoordinatorV6binder9validator5cacheAcA16AIPropertyBinderV_AA18AIContentValidatorCAA15AIResponseCacheCtcfC
FN:108,$s12SwiftHablare24AIPersistenceCoordinatorV18generateAndPersist8provider6prompt5model8property7context10parameters11constraints9transform8useCacheyAA17AIServiceProvider_p_SSxs24ReferenceWritableKeyPathCyxq_G0A4Data12ModelContextCSDyS2SGAUypypYaYbKcSgSbtYaKAR010PersistentY0Rzr0_lF
FN:129,$s12SwiftHablare24AIPersistenceCoordinatorV18generateAndPersist8provider6prompt5model8property7context10parameters11constraints9transform8useCacheyAA17AIServiceProvider_p_SSxs24ReferenceWritableKeyPathCyxq_G0A4Data12ModelContextCSDyS2SGAUypypYaYbKcSgSbtYaKAR010PersistentY0Rzr0_lFySDySSypGz_SS3key_SS5valuettXEfU_
FN:194,$s12SwiftHablare24AIPersistenceCoordinatorV26generateAndPersistMultiple8provider7prompts5model7context8useCacheyAA17AIServiceProvider_p_SDyS2SGx0A4Data12ModelContextCSbtYaKAL010PersistentR0RzlF
FN:218,$s12SwiftHablare24AIPersistenceCoordinatorV19generateUsingSchema5model12propertyName7context8provider0K6Valuesyx_SS0A4Data12ModelContextCAA17AIServiceProvider_pSgSDyS2SGtYaKAA13AIGeneratableRzlF
FN:227,$s12SwiftHablare24AIPersistenceCoordinatorV10clearCacheyyYaF
FN:234,$s12SwiftHablare24AIPersistenceCoordinatorV15invalidateCache11forProviderySS_tYaF
FN:239,$s12SwiftHablare24AIPersistenceCoordinatorV15cacheStatisticsSDySSSiGyYaF
FN:248,$s12SwiftHablare24AIPersistenceCoordinatorV22registerValidationRuleyyAA18AIContentValidatorC0fG0VYaF
FNDA:11,$s12SwiftHablare20UncheckedSendableBox33_DA20B1CC9C2A6EFCFD0B01C4ED08CCC0LLVyADypcfC
FNDA:13,$s12SwiftHablare24AIPersistenceCoordinatorV6binder9validator5cacheAcA16AIPropertyBinderV_AA18AIContentValidatorCAA15AIResponseCacheCtcfC
FNDA:13,$s12SwiftHablare24AIPersistenceCoordinatorV18generateAndPersist8provider6prompt5model8property7context10parameters11constraints9transform8useCacheyAA17AIServiceProvider_p_SSxs24ReferenceWritableKeyPathCyxq_G0A4Data12ModelContextCSDyS2SGAUypypYaYbKcSgSbtYaKAR010PersistentY0Rzr0_lF
FNDA:0,$s12SwiftHablare24AIPersistenceCoordinatorV18generateAndPersist8provider6prompt5model8property7context10parameters11constraints9transform8useCacheyAA17AIServiceProvider_p_SSxs24ReferenceWritableKeyPathCyxq_G0A4Data12ModelContextCSDyS2SGAUypypYaYbKcSgSbtYaKAR010PersistentY0Rzr0_lFySDySSypGz_SS3key_SS5valuettXEfU_
FNDA:1,$s12SwiftHablare24AIPersistenceCoordinatorV26generateAndPersistMultiple8provider7prompts5model7context8useCacheyAA17AIServiceProvider_p_SDyS2SGx0A4Data12ModelContextCSbtYaKAL010PersistentR0RzlF
FNDA:0,$s12SwiftHablare24AIPersistenceCoordinatorV19generateUsingSchema5model12propertyName7context8provider0K6Valuesyx_SS0A4Data12ModelContextCAA17AIServiceProvider_pSgSDyS2SGtYaKAA13AIGeneratableRzlF
FNDA:1,$s12SwiftHablare24AIPersistenceCoordinatorV10clearCacheyyYaF
FNDA:1,$s12SwiftHablare24AIPersistenceCoordinatorV15invalidateCache11forProviderySS_tYaF
FNDA:1,$s12SwiftHablare24AIPersistenceCoordinatorV15cacheStatisticsSDySSSiGyYaF
FNDA:1,$s12SwiftHablare24AIPersistenceCoordinatorV22registerValidationRuleyyAA18AIContentValidatorC0fG0VYaF
FNF:10
FNH:8
DA:10,11
DA:11,11
DA:12,11
DA:68,13
DA:69,13
DA:70,13
DA:71,13
DA:72,13
DA:108,13
DA:109,13
DA:110,13
DA:111,5
DA:112,5
DA:113,5
DA:114,5
DA:115,5
DA:116,1
DA:117,1
DA:118,1
DA:119,1
DA:120,1
DA:121,1
DA:122,1
DA:123,1
DA:124,4
DA:125,12
DA:126,12
DA:127,12
DA:128,12
DA:129,12
DA:130,0
DA:131,0
DA:132,12
DA:133,12
DA:134,12
DA:135,12
DA:136,12
DA:137,11
DA:138,11
DA:139,11
DA:140,11
DA:141,1
DA:142,10
DA:143,10
DA:144,11
DA:145,11
DA:146,11
DA:147,11
DA:148,11
DA:149,11
DA:150,11
DA:151,2
DA:152,10
DA:153,10
DA:154,10
DA:155,10
DA:156,10
DA:157,10
DA:158,10
DA:159,10
DA:160,10
DA:161,10
DA:162,10
DA:163,10
DA:164,10
DA:165,10
DA:166,10
DA:167,4
DA:168,4
DA:169,4
DA:170,4
DA:171,4
DA:172,4
DA:173,4
DA:174,10
DA:194,1
DA:195,1
DA:196,1
DA:197,1
DA:198,1
DA:218,0
DA:219,0
DA:220,0
DA:221,0
DA:222,0
DA:227,1
DA:228,1
DA:229,1
DA:234,1
DA:235,1
DA:236,1
DA:239,1
DA:240,1
DA:241,1
DA:248,1
DA:249,1
DA:250,1
BRF:0
BRH:0
LF:100
LH:92
end_of_record
SF:/Users/stovak/Projects/SwiftHablare/Sources/SwiftHablare/Core/AIPropertyBinder.swift
FN:26,$s12SwiftHablare16AIPropertyBinderVACycfC
FN:43,$s12SwiftHablare16AIPropertyBinderV4bind5value2to8property7contextyyp_xs24ReferenceWritableKeyPathCyxq_G0A4Data12ModelContextCtKAL010PersistentO0Rzr0_lF
FN:69,$s12SwiftHablare16AIPropertyBinderV12bindMultiple8bindings2to7contextySDySSypG_x0A4Data12ModelContextCtKAI010PersistentK0RzlF
FN:90,$s12SwiftHablare16AIPropertyBinderV7convert33_0CCFBC1A2B37BAE32BF2BFB4D2C3286ALL5value2toxSgyp_xmtKlF
FN:115,$s12SwiftHablare16AIPropertyBinderV17convertFromString33_0CCFBC1A2B37BAE32BF2BFB4D2C3286ALL_2toxSgSS_xmtKlF
FN:134,$s12SwiftHablare16AIPropertyBinderV17convertFromString33_0CCFBC1A2B37BAE32BF2BFB4D2C3286ALL_2toxSgSS_xmtKlFSbyKXEfu_
FN:134,$s12SwiftHablare16AIPropertyBinderV17convertFromString33_0CCFBC1A2B37BAE32BF2BFB4D2C3286ALL_2toxSgSS_xmtKlFSbyKXEfu0_
FN:137,$s12SwiftHablare16AIPropertyBinderV17convertFromString33_0CCFBC1A2B37BAE32BF2BFB4D2C3286ALL_2toxSgSS_xmtKlFSbyKXEfu1_
FN:137,$s12SwiftHablare16AIPropertyBinderV17convertFromString33_0CCFBC1A2B37BAE32BF2BFB4D2C3286ALL_2toxSgSS_xmtKlFSbyKXEfu2_
FN:148,$s12SwiftHablare16AIPropertyBinderV17convertFromString33_0CCFBC1A2B37BAE32BF2BFB4D2C3286ALL_2toxSgSS_xmtKlFSbyKXEfu3_
FN:158,$s12SwiftHablare16AIPropertyBinderV15convertFromData33_0CCFBC1A2B37BAE32BF2BFB4D2C3286ALL_2toxSg10Foundation0G0V_xmtKlF
FN:180,$s12SwiftHablare16AIPropertyBinderV17convertFromNumber33_0CCFBC1A2B37BAE32BF2BFB4D2C3286ALL_2toxSgSj_p_xmtKlF
FNDA:27,$s12SwiftHablare16AIPropertyBinderVACycfC
FNDA:27,$s12SwiftHablare16AIPropertyBinderV4bind5value2to8property7contextyyp_xs24ReferenceWritableKeyPathCyxq_G0A4Data12ModelContextCtKAL010PersistentO0Rzr0_lF
FNDA:0,$s12SwiftHablare16AIPropertyBinderV12bindMultiple8bindings2to7contextySDySSypG_x0A4Data12ModelContextCtKAI010PersistentK0RzlF
FNDA:27,$s12SwiftHablare16AIPropertyBinderV7convert33_0CCFBC1A2B37BAE32BF2BFB4D2C3286ALL5value2toxSgyp_xmtKlF
FNDA:7,$s12SwiftHablare16AIPropertyBinderV17convertFromString33_0CCFBC1A2B37BAE32BF2BFB4D2C3286ALL_2toxSgSS_xmtKlF
FNDA:2,$s12SwiftHablare16AIPropertyBinderV17convertFromString33_0CCFBC1A2B37BAE32BF2BFB4D2C3286ALL_2toxSgSS_xmtKlFSbyKXEfu_
FNDA:1,$s12SwiftHablare16AIPropertyBinderV17convertFromString33_0CCFBC1A2B37BAE32BF2BFB4D2C3286ALL_2toxSgSS_xmtKlFSbyKXEfu0_
FNDA:0,$s12SwiftHablare16AIPropertyBinderV17convertFromString33_0CCFBC1A2B37BAE32BF2BFB4D2C3286ALL_2toxSgSS_xmtKlFSbyKXEfu1_
FNDA:0,$s12SwiftHablare16AIPropertyBinderV17convertFromString33_0CCFBC1A2B37BAE32BF2BFB4D2C3286ALL_2toxSgSS_xmtKlFSbyKXEfu2_
FNDA:1,$s12SwiftHablare16AIPropertyBinderV17convertFromString33_0CCFBC1A2B37BAE32BF2BFB4D2C3286ALL_2toxSgSS_xmtKlFSbyKXEfu3_
FNDA:11,$s12SwiftHablare16AIPropertyBinderV15convertFromData33_0CCFBC1A2B37BAE32BF2BFB4D2C3286ALL_2toxSg10Foundation0G0V_xmtKlF
FNDA:2,$s12SwiftHablare16AIPropertyBinderV17convertFromNumber33_0CCFBC1A2B37BAE32BF2BFB4D2C3286ALL_2toxSgSj_p_xmtKlF
FNF:12
FNH:9
DA:26,27
DA:43,27
DA:44,27
DA:45,27
DA:46,2
DA:47,25
DA:48,25
DA:49,25
DA:50,25
DA:51,25
DA:52,25
DA:53,25
DA:54,0
DA:55,0
DA:56,25
DA:69,0
DA:70,0
DA:71,0
DA:72,0
DA:73,0
DA:90,27
DA:91,27
DA:92,27
DA:93,6
DA:94,21
DA:95,21
DA:96,21
DA:97,21
DA:98,7
DA:99,14
DA:100,14
DA:101,14
DA:102,14
DA:103,11
DA:104,11
DA:105,3
DA:106,3
DA:107,3
DA:108,2
DA:109,2
DA:110,1
DA:111,1
DA:112,27
DA:115,7
DA:116,7
DA:117,7
DA:118,0
DA:119,7
DA:120,7
DA:121,7
DA:122,7
DA:123,2
DA:124,5
DA:125,5
DA:126,5
DA:127,5
DA:128,1
DA:129,4
DA:130,4
DA:131,4
DA:132,4
DA:133,3
DA:134,3
DA:135,2
DA:136,2
DA:137,1
DA:138,1
DA:139,1
DA:140,1
DA:141,1
DA:142,1
DA:143,1
DA:144,0
DA:145,1
DA:146,1
DA:147,1
DA:148,1
DA:149,1
DA:150,1
DA:151,1
DA:152,0
DA:153,0
DA:154,0
DA:155,7
DA:158,11
DA:159,11
DA:160,11
DA:161,0
DA:162,11
DA:163,11
DA:164,11
DA:165,11
DA:166,11
DA:167,11
DA:168,0
DA:169,0
DA:170,0
DA:171,0
DA:172,0
DA:173,0
DA:174,0
DA:175,0
DA:176,0
DA:177,11
DA:180,2
DA:181,2
DA:182,2
DA:183,1
DA:184,1
DA:185,0
DA:186,0
DA:187,0
DA:188,1
DA:189,1
DA:190,1
DA:191,1
DA:192,1
DA:193,0
DA:194,0
DA:195,0
DA:196,0
DA:197,0
DA:198,2
BRF:0
BRH:0
LF:128
LH:96
end_of_record
SF:/Users/stovak/Projects/SwiftHablare/Sources/SwiftHablare/Core/AIResponseCache.swift
FN:37,$s12SwiftHablare15AIResponseCacheC0D5Entry33_16ADA98C4360495730262767DA4BAF4CLLV9isExpired5afterSbSd_tF
FN:46,$s12SwiftHablare15AIResponseCacheC11AnySendableVyAEypcfC
FN:54,$s12SwiftHablare15AIResponseCacheC5cache33_16ADA98C4360495730262767DA4BAF4CLLSDySSAC0D5EntryAELLVGvpfi
FN:73,$s12SwiftHablare15AIResponseCacheC10maxEntries3ttl7enabledACSi_SdSbtcfc
FN:88,$s12SwiftHablare15AIResponseCacheC3get10providerId6prompt10parametersAC11AnySendableVSgSS_SSSDyS2SGtF
FN:113,$s12SwiftHablare15AIResponseCacheC3set_10providerId6prompt10parametersyyp_S2SSDyS2SGtF
FN:137,$s12SwiftHablare15AIResponseCacheC10invalidate10providerIdySS_tF
FN:138,$s12SwiftHablare15AIResponseCacheC10invalidate10providerIdySS_tFSbSS3key_AC0D5Entry33_16ADA98C4360495730262767DA4BAF4CLLV5valuet_tXEfU_
FN:144,$s12SwiftHablare15AIResponseCacheC10invalidate6promptySS_tF
FN:145,$s12SwiftHablare15AIResponseCacheC10invalidate6promptySS_tFSbSS3key_AC0D5Entry33_16ADA98C4360495730262767DA4BAF4CLLV5valuet_tXEfU_
FN:149,$s12SwiftHablare15AIResponseCacheC5clearyyF
FN:154,$s12SwiftHablare15AIResponseCacheC5countSiyF
FN:161,$s12SwiftHablare15AIResponseCacheC10setEnabledyySbF
FN:171,$s12SwiftHablare15AIResponseCacheC10statisticsSDySSSiGyF
FN:182,$s12SwiftHablare15AIResponseCacheC11generateKey33_16ADA98C4360495730262767DA4BAF4CLL10providerId6prompt10parametersS2S_SSSDyS2SGtF
FN:189,$s12SwiftHablare15AIResponseCacheC11generateKey33_16ADA98C4360495730262767DA4BAF4CLL10providerId6prompt10parametersS2S_SSSDyS2SGtFSSyKXEfu_
FN:198,$s12SwiftHablare15AIResponseCacheC11generateKey33_16ADA98C4360495730262767DA4BAF4CLL10providerId6prompt10parametersS2S_SSSDyS2SGtFSSSgs5UInt8VXEfU_
FN:202,$s12SwiftHablare15AIResponseCacheC11evictOldest33_16ADA98C4360495730262767DA4BAF4CLLyyF
FN:207,$s12SwiftHablare15AIResponseCacheC11evictOldest33_16ADA98C4360495730262767DA4BAF4CLLyyFSbSS3key_AC0D5EntryAELLV5valuet_SSAF_AhIttXEfU_
FNDA:22,$s12SwiftHablare15AIResponseCacheC0D5Entry33_16ADA98C4360495730262767DA4BAF4CLLV9isExpired5afterSbSd_tF
FNDA:44,$s12SwiftHablare15AIResponseCacheC11AnySendableVyAEypcfC
FNDA:44,$s12SwiftHablare15AIResponseCacheC5cache33_16ADA98C4360495730262767DA4BAF4CLLSDySSAC0D5EntryAELLVGvpfi
FNDA:44,$s12SwiftHablare15AIResponseCacheC10maxEntries3ttl7enabledACSi_SdSbtcfc
FNDA:54,$s12SwiftHablare15AIResponseCacheC3get10providerId6prompt10parametersAC11AnySendableVSgSS_SSSDyS2SGtF
FNDA:46,$s12SwiftHablare15AIResponseCacheC3set_10providerId6prompt10parametersyyp_S2SSDyS2SGtF
FNDA:2,$s12SwiftHablare15AIResponseCacheC10invalidate10providerIdySS_tF
FNDA:5,$s12SwiftHablare15AIResponseCacheC10invalidate10providerIdySS_tFSbSS3key_AC0D5Entry33_16ADA98C4360495730262767DA4BAF4CLLV5valuet_tXEfU_
FNDA:1,$s12SwiftHablare15AIResponseCacheC10invalidate6promptySS_tF
FNDA:3,$s12SwiftHablare15AIResponseCacheC10invalidate6promptySS_tFSbSS3key_AC0D5Entry33_16ADA98C4360495730262767DA4BAF4CLLV5valuet_tXEfU_
FNDA:4,$s12SwiftHablare15AIResponseCacheC5clearyyF
FNDA:8,$s12SwiftHablare15AIResponseCacheC5countSiyF
FNDA:1,$s12SwiftHablare15AIResponseCacheC10setEnabledyySbF
FNDA:3,$s12SwiftHablare15AIResponseCacheC10statisticsSDySSSiGyF
FNDA:96,$s12SwiftHablare15AIResponseCacheC11generateKey33_16ADA98C4360495730262767DA4BAF4CLL10providerId6prompt10parametersS2S_SSSDyS2SGtF
FNDA:0,$s12SwiftHablare15AIResponseCacheC11generateKey33_16ADA98C4360495730262767DA4BAF4CLL10providerId6prompt10parametersS2S_SSSDyS2SGtFSSyKXEfu_
FNDA:3050,$s12SwiftHablare15AIResponseCacheC11generateKey33_16ADA98C4360495730262767DA4BAF4CLL10providerId6prompt10parametersS2S_SSSDyS2SGtFSSSgs5UInt8VXEfU_
FNDA:1,$s12SwiftHablare15AIResponseCacheC11evictOldest33_16ADA98C4360495730262767DA4BAF4CLLyyF
FNDA:4,$s12SwiftHablare15AIResponseCacheC11evictOldest33_16ADA98C4360495730262767DA4BAF4CLLyyFSbSS3key_AC0D5EntryAELLV5valuet_SSAF_AhIttXEfU_
FNF:19
FNH:18
DA:37,22
DA:38,22
DA:39,22
DA:46,44
DA:47,44
DA:48,44
DA:54,44
DA:73,44
DA:74,44
DA:75,44
DA:76,44
DA:77,44
DA:88,54
DA:89,54
DA:90,52
DA:91,52
DA:92,52
DA:93,52
DA:94,30
DA:95,30
DA:96,22
DA:97,22
DA:98,22
DA:99,1
DA:100,1
DA:101,21
DA:102,21
DA:103,21
DA:104,54
DA:113,46
DA:114,46
DA:115,44
DA:116,44
DA:117,44
DA:118,44
DA:119,44
DA:120,44
DA:121,44
DA:122,44
DA:123,44
DA:124,44
DA:125,44
DA:126,44
DA:127,44
DA:128,44
DA:129,44
DA:130,1
DA:131,1
DA:132,44
DA:137,2
DA:138,5
DA:139,2
DA:144,1
DA:145,3
DA:146,1
DA:149,4
DA:150,4
DA:151,4
DA:154,8
DA:155,8
DA:156,8
DA:161,1
DA:162,1
DA:163,1
DA:164,1
DA:165,1
DA:166,1
DA:171,3
DA:172,3
DA:173,3
DA:174,3
DA:175,3
DA:176,3
DA:177,3
DA:182,96
DA:183,96
DA:184,96
DA:185,96
DA:186,96
DA:187,96
DA:188,96
DA:189,4
DA:190,4
DA:191,96
DA:192,96
DA:193,96
DA:194,96
DA:195,96
DA:196,96
DA:197,96
DA:198,3050
DA:199,96
DA:202,1
DA:203,1
DA:204,1
DA:205,1
DA:206,1
DA:207,4
DA:208,1
DA:209,1
DA:210,1
DA:211,1
BRF:0
BRH:0
LF:107
LH:106
end_of_record
SF:/Users/stovak/Projects/SwiftHablare/Sources/SwiftHablare/Core/AIServiceError.swift
FN:120,$s12SwiftHablare14AIServiceErrorO16errorDescriptionSSvg
FN:144,$s12SwiftHablare14AIServiceErrorO8categoryAA0D8CategoryOvg
FN:162,$s12SwiftHablare14AIServiceErrorO13isRecoverableSbvg
FN:175,$s12SwiftHablare14AIServiceErrorO10retryDelaySdSgvg
FN:204,$s12SwiftHablare14AIServiceErrorO20localizedDescriptionSSvg
FN:208,$s12SwiftHablare14AIServiceErrorO13failureReasonSSSgvg
FN:247,$s12SwiftHablare14AIServiceErrorO18recoverySuggestionSSSgvg
FN:284,$s12SwiftHablare14AIServiceErrorO11descriptionSSvg
FNDA:16,$s12SwiftHablare14AIServiceErrorO16errorDescriptionSSvg
FNDA:28,$s12SwiftHablare14AIServiceErrorO8categoryAA0D8CategoryOvg
FNDA:10,$s12SwiftHablare14AIServiceErrorO13isRecoverableSbvg
FNDA:6,$s12SwiftHablare14AIServiceErrorO10retryDelaySdSgvg
FNDA:1,$s12SwiftHablare14AIServiceErrorO20localizedDescriptionSSvg
FNDA:1,$s12SwiftHablare14AIServiceErrorO13failureReasonSSSgvg
FNDA:5,$s12SwiftHablare14AIServiceErrorO18recoverySuggestionSSSgvg
FNDA:9,$s12SwiftHablare14AIServiceErrorO11descriptionSSvg
FNF:8
FNH:8
DA:120,16
DA:121,16
DA:122,16
DA:123,16
DA:124,16
DA:125,16
DA:126,16
DA:127,16
DA:128,16
DA:129,16
DA:130,16
DA:131,16
DA:132,16
DA:133,16
DA:134,16
DA:135,16
DA:136,16
DA:137,16
DA:138,16
DA:139,16
DA:140,16
DA:141,16
DA:144,28
DA:145,28
DA:146,28
DA:147,7
DA:148,28
DA:149,7
DA:150,28
DA:151,7
DA:152,28
DA:153,5
DA:154,28
DA:155,2
DA:156,28
DA:157,0
DA:158,28
DA:159,28
DA:162,10
DA:163,10
DA:164,10
DA:165,5
DA:166,10
DA:167,5
DA:168,5
DA:169,5
DA:170,5
DA:171,10
DA:172,10
DA:175,6
DA:176,6
DA:177,6
DA:178,2
DA:179,6
DA:180,2
DA:181,6
DA:182,1
DA:183,6
DA:184,1
DA:185,6
DA:186,6
DA:204,1
DA:205,1
DA:206,1
DA:208,1
DA:209,1
DA:210,1
DA:211,1
DA:212,1
DA:213,0
DA:214,1
DA:215,0
DA:216,1
DA:217,0
DA:218,1
DA:219,0
DA:220,1
DA:221,0
DA:222,1
DA:223,0
DA:224,1
DA:225,0
DA:226,1
DA:227,0
DA:228,1
DA:229,0
DA:230,1
DA:231,0
DA:232,1
DA:233,0
DA:234,1
DA:235,0
DA:236,1
DA:237,0
DA:238,1
DA:239,0
DA:240,1
DA:241,0
DA:242,1
DA:243,0
DA:244,1
DA:245,1
DA:247,5
DA:248,5
DA:249,5
DA:250,2
DA:251,5
DA:252,1
DA:253,5
DA:254,0
DA:255,5
DA:256,1
DA:257,1
DA:258,1
DA:259,0
DA:260,5
DA:261,1
DA:262,5
DA:263,0
DA:264,5
DA:265,0
DA:266,5
DA:267,0
DA:268,5
DA:269,0
DA:270,5
DA:271,0
DA:272,5
DA:273,0
DA:274,5
DA:275,0
DA:276,5
DA:277,5
DA:284,9
DA:285,9
DA:286,9
BRF:0
BRH:0
LF:136
LH:110
end_of_record
SF:/Users/stovak/Projects/SwiftHablare/Sources/SwiftHablare/Core/AIServiceManager.swift
FN:43,$s12SwiftHablare16AIServiceManagerC9providers33_F1B9746A18E71898CF6FD2FE3B7B3894LLSDySSAA0C8Provider_pGvpfi
FN:46,$s12SwiftHablare16AIServiceManagerC15capabilityIndex33_F1B9746A18E71898CF6FD2FE3B7B3894LLSDyAA12AICapabilityOShySSGGvpfi
FN:49,$s12SwiftHablare16AIServiceManagerC14modelTypeIndex33_F1B9746A18E71898CF6FD2FE3B7B3894LLSDySSShySSGGvpfi
FN:59,$s12SwiftHablare16AIServiceManagerCACycfc
FN:69,$s12SwiftHablare16AIServiceManagerC8register8provideryAA0C8Provider_p_tKF
FN:83,$s12SwiftHablare16AIServiceManagerC8register8provideryAA0C8Provider_p_tKFShySSGyXEfu_
FN:89,$s12SwiftHablare16AIServiceManagerC8register8provideryAA0C8Provider_p_tKFShySSGyXEfu0_
FN:101,$s12SwiftHablare16AIServiceManagerC11registerAll9providersySayAA0C8Provider_pG_tKF
FN:110,$s12SwiftHablare16AIServiceManagerC10unregister10providerIDySS_tF
FN:137,$s12SwiftHablare16AIServiceManagerC13unregisterAllyyF
FN:149,$s12SwiftHablare16AIServiceManagerC8provider6withIDAA0C8Provider_pSgSS_tF
FN:156,$s12SwiftHablare16AIServiceManagerC12allProvidersSayAA0C8Provider_pGyF
FN:164,$s12SwiftHablare16AIServiceManagerC9providers14withCapabilitySayAA0C8Provider_pGAA12AICapabilityO_tF
FN:169,$s12SwiftHablare16AIServiceManagerC9providers14withCapabilitySayAA0C8Provider_pGAA12AICapabilityO_tFAaF_pSgSSXEfU_
FN:176,$s12SwiftHablare16AIServiceManagerC9providers16withCapabilitiesSayAA0C8Provider_pGSayAA12AICapabilityOG_tF
FN:198,$s12SwiftHablare16AIServiceManagerC9providers16withCapabilitiesSayAA0C8Provider_pGSayAA12AICapabilityOG_tFAaF_pSgSSXEfU_
FN:205,$s12SwiftHablare16AIServiceManagerC9providers12forModelTypeSayAA0C8Provider_pGSS_tF
FN:210,$s12SwiftHablare16AIServiceManagerC9providers12forModelTypeSayAA0C8Provider_pGSS_tFAaF_pSgSSXEfU_
FN:217,$s12SwiftHablare16AIServiceManagerC9providers8forModelSayAA0C8Provider_pGxm_t0A4Data010PersistentG0RzlF
FN:226,$s12SwiftHablare16AIServiceManagerC11hasProvider14withCapabilitySbAA12AICapabilityO_tF
FN:234,$s12SwiftHablare16AIServiceManagerC12isRegistered10providerIDSbSS_tF
FN:241,$s12SwiftHablare16AIServiceManagerC13providerCountSiyF
FN:248,$s12SwiftHablare16AIServiceManagerC10statisticsSDySSSiGyF
FNDA:39,$s12SwiftHablare16AIServiceManagerC9providers33_F1B9746A18E71898CF6FD2FE3B7B3894LLSDySSAA0C8Provider_pGvpfi
FNDA:39,$s12SwiftHablare16AIServiceManagerC15capabilityIndex33_F1B9746A18E71898CF6FD2FE3B7B3894LLSDyAA12AICapabilityOShySSGGvpfi
FNDA:39,$s12SwiftHablare16AIServiceManagerC14modelTypeIndex33_F1B9746A18E71898CF6FD2FE3B7B3894LLSDySSShySSGGvpfi
FNDA:39,$s12SwiftHablare16AIServiceManagerCACycfc
FNDA:459,$s12SwiftHablare16AIServiceManagerC8register8provideryAA0C8Provider_p_tKF
FNDA:110,$s12SwiftHablare16AIServiceManagerC8register8provideryAA0C8Provider_p_tKFShySSGyXEfu_
FNDA:4,$s12SwiftHablare16AIServiceManagerC8register8provideryAA0C8Provider_p_tKFShySSGyXEfu0_
FNDA:10,$s12SwiftHablare16AIServiceManagerC11registerAll9providersySayAA0C8Provider_pG_tKF
FNDA:171,$s12SwiftHablare16AIServiceManagerC10unregister10providerIDySS_tF
FNDA:74,$s12SwiftHablare16AIServiceManagerC13unregisterAllyyF
FNDA:25,$s12SwiftHablare16AIServiceManagerC8provider6withIDAA0C8Provider_pSgSS_tF
FNDA:123,$s12SwiftHablare16AIServiceManagerC12allProvidersSayAA0C8Provider_pGyF
FNDA:2134,$s12SwiftHablare16AIServiceManagerC9providers14withCapabilitySayAA0C8Provider_pGAA12AICapabilityO_tF
FNDA:101497,$s12SwiftHablare16AIServiceManagerC9providers14withCapabilitySayAA0C8Provider_pGAA12AICapabilityO_tFAaF_pSgSSXEfU_
FNDA:5,$s12SwiftHablare16AIServiceManagerC9providers16withCapabilitiesSayAA0C8Provider_pGSayAA12AICapabilityOG_tF
FNDA:8,$s12SwiftHablare16AIServiceManagerC9providers16withCapabilitiesSayAA0C8Provider_pGSayAA12AICapabilityOG_tFAaF_pSgSSXEfU_
FNDA:6,$s12SwiftHablare16AIServiceManagerC9providers12forModelTypeSayAA0C8Provider_pGSS_tF
FNDA:5,$s12SwiftHablare16AIServiceManagerC9providers12forModelTypeSayAA0C8Provider_pGSS_tFAaF_pSgSSXEfU_
FNDA:4,$s12SwiftHablare16AIServiceManagerC9providers8forModelSayAA0C8Provider_pGxm_t0A4Data010PersistentG0RzlF
FNDA:3,$s12SwiftHablare16AIServiceManagerC11hasProvider14withCapabilitySbAA12AICapabilityO_tF
FNDA:3,$s12SwiftHablare16AIServiceManagerC12isRegistered10providerIDSbSS_tF
FNDA:132,$s12SwiftHablare16AIServiceManagerC13providerCountSiyF
FNDA:112,$s12SwiftHablare16AIServiceManagerC10statisticsSDySSSiGyF
FNF:23
FNH:23
DA:43,39
DA:46,39
DA:49,39
DA:59,39
DA:69,459
DA:70,459
DA:71,459
DA:72,458
DA:73,458
DA:74,458
DA:75,51
DA:76,51
DA:77,458
DA:78,458
DA:79,458
DA:80,458
DA:81,458
DA:82,495
DA:83,495
DA:84,495
DA:85,458
DA:86,458
DA:87,458
DA:88,41
DA:89,5
DA:90,5
DA:91,458
DA:92,458
DA:101,10
DA:102,32
DA:103,32
DA:104,32
DA:105,10
DA:110,171
DA:111,171
DA:112,50
DA:113,121
DA:114,121
DA:115,121
DA:116,136
DA:117,136
DA:118,136
DA:119,57
DA:120,57
DA:121,136
DA:122,121
DA:123,121
DA:124,121
DA:125,5
DA:126,1
DA:127,1
DA:128,1
DA:129,1
DA:130,1
DA:131,121
DA:132,121
DA:137,74
DA:138,74
DA:139,74
DA:140,74
DA:141,74
DA:149,25
DA:150,25
DA:151,25
DA:156,123
DA:157,123
DA:158,123
DA:164,2134
DA:165,2134
DA:166,4
DA:167,2130
DA:168,2130
DA:169,101497
DA:170,2134
DA:176,5
DA:177,5
DA:178,1
DA:179,4
DA:180,4
DA:181,4
DA:182,4
DA:183,0
DA:184,4
DA:185,4
DA:186,4
DA:187,4
DA:188,4
DA:189,0
DA:190,4
DA:191,4
DA:192,4
DA:193,4
DA:194,0
DA:195,4
DA:196,4
DA:197,4
DA:198,8
DA:199,5
DA:205,6
DA:206,6
DA:207,2
DA:208,4
DA:209,4
DA:210,5
DA:211,6
DA:217,4
DA:218,4
DA:219,4
DA:220,4
DA:226,3
DA:227,3
DA:228,3
DA:234,3
DA:235,3
DA:236,3
DA:241,132
DA:242,132
DA:243,132
DA:248,112
DA:249,112
DA:250,112
DA:251,112
DA:252,112
DA:253,115
DA:254,115
DA:255,115
DA:256,112
DA:257,112
DA:258,112
BRF:0
BRH:0
LF:134
LH:131
end_of_record
SF:/Users/stovak/Projects/SwiftHablare/Sources/SwiftHablare/Core/AIServiceProvider.swift
FN:163,$s12SwiftHablare17AIServiceProviderPAAE21validateConfigurationyyKF
FN:164,$s12SwiftHablare17AIServiceProviderPAAE21validateConfigurationyyKFSbyKXEfu_
FN:176,$s12SwiftHablare17AIServiceProviderPAAE8generate6prompt10parameterss6ResultOyAA15ResponseContentOAA0C5ErrorOGSS_SDySSypGtYaF
FN:188,$s12SwiftHablare17AIServiceProviderPAAE12responseTypeAA15ResponseContentO0hF0Ovg
FNDA:461,$s12SwiftHablare17AIServiceProviderPAAE21validateConfigurationyyKF
FNDA:3,$s12SwiftHablare17AIServiceProviderPAAE21validateConfigurationyyKFSbyKXEfu_
FNDA:0,$s12SwiftHablare17AIServiceProviderPAAE8generate6prompt10parameterss6ResultOyAA15ResponseContentOAA0C5ErrorOGSS_SDySSypGtYaF
FNDA:0,$s12SwiftHablare17AIServiceProviderPAAE12responseTypeAA15ResponseContentO0hF0Ovg
FNF:4
FNH:2
DA:163,461
DA:164,461
DA:165,2
DA:166,459
DA:167,459
DA:176,0
DA:177,0
DA:178,0
DA:179,0
DA:180,0
DA:181,0
DA:182,0
DA:183,0
DA:188,0
DA:189,0
DA:190,0
DA:191,0
DA:192,0
DA:193,0
DA:194,0
DA:195,0
DA:196,0
DA:197,0
DA:198,0
DA:199,0
BRF:0
BRH:0
LF:26
LH:6
end_of_record
SF:/Users/stovak/Projects/SwiftHablare/Sources/SwiftHablare/Core/DataStructureCapability.swift
FN:48,$s12SwiftHablare23DataStructureCapabilityO5model_10propertiesACxm_SayAA08PropertyE0VGt0aC015PersistentModelRzlFZ
FN:56,$s12SwiftHablare23DataStructureCapabilityO8protocol_15typeConstraintsACxm_SayAA14TypeConstraintOGtlFZ
FN:63,$s12SwiftHablare23DataStructureCapabilityO9modelTypeSSSgvg
FN:71,$s12SwiftHablare23DataStructureCapabilityO12protocolTypeSSSgvg
FN:79,$s12SwiftHablare23DataStructureCapabilityO10propertiesSayAA08PropertyE0VGvg
FN:87,$s12SwiftHablare23DataStructureCapabilityO15typeConstraintsSayAA14TypeConstraintOGvg
FN:104,$s12SwiftHablare18PropertyCapabilityV12propertyName11constraintsACSS_AA0C11ConstraintsVSgtcfC
FN:128,$s12SwiftHablare18PropertyCapabilityV8property_4name11constraintsACs7KeyPathCyxq_G_SSAA0C11ConstraintsVSgtr0_lFZ
FN:149,$s12SwiftHablare19PropertyConstraintsV9minLength03maxF0010additionalD0ACSiSg_AGSDyS2SGtcfC
FNDA:11,$s12SwiftHablare23DataStructureCapabilityO5model_10propertiesACxm_SayAA08PropertyE0VGt0aC015PersistentModelRzlFZ
FNDA:4,$s12SwiftHablare23DataStructureCapabilityO8protocol_15typeConstraintsACxm_SayAA14TypeConstraintOGtlFZ
FNDA:51,$s12SwiftHablare23DataStructureCapabilityO9modelTypeSSSgvg
FNDA:4,$s12SwiftHablare23DataStructureCapabilityO12protocolTypeSSSgvg
FNDA:10,$s12SwiftHablare23DataStructureCapabilityO10propertiesSayAA08PropertyE0VGvg
FNDA:3,$s12SwiftHablare23DataStructureCapabilityO15typeConstraintsSayAA14TypeConstraintOGvg
FNDA:15,$s12SwiftHablare18PropertyCapabilityV12propertyName11constraintsACSS_AA0C11ConstraintsVSgtcfC
FNDA:14,$s12SwiftHablare18PropertyCapabilityV8property_4name11constraintsACs7KeyPathCyxq_G_SSAA0C11ConstraintsVSgtr0_lFZ
FNDA:7,$s12SwiftHablare19PropertyConstraintsV9minLength03maxF0010additionalD0ACSiSg_AGSDyS2SGtcfC
FNF:9
FNH:9
DA:48,11
DA:49,11
DA:50,11
DA:56,4
DA:57,4
DA:58,4
DA:63,51
DA:64,51
DA:65,10
DA:66,41
DA:67,41
DA:68,51
DA:71,4
DA:72,4
DA:73,3
DA:74,3
DA:75,1
DA:76,4
DA:79,10
DA:80,10
DA:81,9
DA:82,9
DA:83,1
DA:84,10
DA:87,3
DA:88,3
DA:89,2
DA:90,2
DA:91,1
DA:92,3
DA:104,15
DA:105,15
DA:106,15
DA:107,15
DA:128,14
DA:129,14
DA:130,14
DA:149,7
DA:150,7
DA:151,7
DA:152,7
DA:153,7
BRF:0
BRH:0
LF:42
LH:42
end_of_record
SF:/Users/stovak/Projects/SwiftHablare/Sources/SwiftHablare/KeychainManager.swift
FN:15,$s12SwiftHablare15KeychainManagerC7service33_347020D4B257CF43C24053A115B3661DLLSSvpfi
FN:17,$s12SwiftHablare15KeychainManagerCACyc33_347020D4B257CF43C24053A115B3661DLlfc
FN:20,$s12SwiftHablare15KeychainManagerC10saveAPIKey_3forySS_SStKF
FN:44,$s12SwiftHablare15KeychainManagerC9getAPIKey3forS2S_tKF
FN:69,$s12SwiftHablare15KeychainManagerC12deleteAPIKey3forySS_tKF
FN:78,$s12SwiftHablare15KeychainManagerC12deleteAPIKey3forySS_tKFSbyKXEfu_
FN:84,$s12SwiftHablare15KeychainManagerC9hasAPIKey3forSbSS_tF
FN:94,$s12SwiftHablare15KeychainManagerC19getObfuscatedAPIKey3forS2S_tF
FN:118,$s12SwiftHablare13KeychainErrorO16errorDescriptionSSSgvg
FNDA:0,$s12SwiftHablare15KeychainManagerC7service33_347020D4B257CF43C24053A115B3661DLLSSvpfi
FNDA:0,$s12SwiftHablare15KeychainManagerCACyc33_347020D4B257CF43C24053A115B3661DLlfc
FNDA:0,$s12SwiftHablare15KeychainManagerC10saveAPIKey_3forySS_SStKF
FNDA:0,$s12SwiftHablare15KeychainManagerC9getAPIKey3forS2S_tKF
FNDA:0,$s12SwiftHablare15KeychainManagerC12deleteAPIKey3forySS_tKF
FNDA:0,$s12SwiftHablare15KeychainManagerC12deleteAPIKey3forySS_tKFSbyKXEfu_
FNDA:0,$s12SwiftHablare15KeychainManagerC9hasAPIKey3forSbSS_tF
FNDA:0,$s12SwiftHablare15KeychainManagerC19getObfuscatedAPIKey3forS2S_tF
FNDA:0,$s12SwiftHablare13KeychainErrorO16errorDescriptionSSSgvg
FNF:9
FNH:0
DA:15,0
DA:17,0
DA:20,0
DA:21,0
DA:22,0
DA:23,0
DA:24,0
DA:25,0
DA:26,0
DA:27,0
DA:28,0
DA:29,0
DA:30,0
DA:31,0
DA:32,0
DA:33,0
DA:34,0
DA:35,0
DA:36,0
DA:37,0
DA:38,0
DA:39,0
DA:40,0
DA:41,0
DA:44,0
DA:45,0
DA:46,0
DA:47,0
DA:48,0
DA:49,0
DA:50,0
DA:51,0
DA:52,0
DA:53,0
DA:54,0
DA:55,0
DA:56,0
DA:57,0
DA:58,0
DA:59,0
DA:60,0
DA:61,0
DA:62,0
DA:63,0
DA:64,0
DA:65,0
DA:66,0
DA:69,0
DA:70,0
DA:71,0
DA:72,0
DA:73,0
DA:74,0
DA:75,0
DA:76,0
DA:77,0
DA:78,0
DA:79,0
DA:80,0
DA:81,0
DA:84,0
DA:85,0
DA:86,0
DA:87,0
DA:88,0
DA:89,0
DA:90,0
DA:91,0
DA:94,0
DA:95,0
DA:96,0
DA:97,0
DA:98,0
DA:99,0
DA:100,0
DA:101,0
DA:102,0
DA:103,0
DA:104,0
DA:105,0
DA:106,0
DA:107,0
DA:108,0
DA:109,0
DA:118,0
DA:119,0
DA:120,0
DA:121,0
DA:122,0
DA:123,0
DA:124,0
DA:125,0
DA:126,0
DA:127,0
DA:128,0
DA:129,0
BRF:0
BRH:0
LF:97
LH:0
end_of_record
SF:/Users/stovak/Projects/SwiftHablare/Sources/SwiftHablare/Models/AIGeneratedContent.swift
FN:71,$s12SwiftHablare18AIGeneratedContentC2id10providerId6prompt11generatedAt15modelIdentifier10tokenCount13estimatedCost17requestParameters8metadataAC10Foundation4UUIDV_S2SAM4DateVSSSgSiSgSdSgAM4DataVSgAWtcfc
FN:85,$s12SwiftHablare18AIGeneratedContentC5touchyyF
FN:130,$s12SwiftHablare13GeneratedTextC2id10providerId6prompt7content12languageCode15modelIdentifierAC10Foundation4UUIDV_S4SSgAMtcfc
FN:192,$s12SwiftHablare14GeneratedAudioC2id10providerId6prompt9audioData0I6Format8duration10sampleRate05voiceG0AC10Foundation4UUIDV_S2SAL0J0VSSSdSgSiSgSSSgtcfc
FN:245,$s12SwiftHablare14GeneratedImageC2id10providerId6prompt9imageData0I6Format5width6heightAC10Foundation4UUIDV_S2SAK0J0VSSSiSgAPtcfc
FN:303,$s12SwiftHablare14GeneratedVideoC2id10providerId6prompt8videoURL0I6Format8durationAC10Foundation4UUIDV_S2SAJ0J0VSSSdSgtcfc
FN:347,$s12SwiftHablare23GeneratedStructuredDataC2id10providerId6prompt4data0J6Format13schemaVersionAC10Foundation4UUIDV_S2SAJ0E0VS2SSgtcfc
FNDA:6,$s12SwiftHablare18AIGeneratedContentC2id10providerId6prompt11generatedAt15modelIdentifier10tokenCount13estimatedCost17requestParameters8metadataAC10Foundation4UUIDV_S2SAM4DateVSSSgSiSgSdSgAM4DataVSgAWtcfc
FNDA:1,$s12SwiftHablare18AIGeneratedContentC5touchyyF
FNDA:6,$s12SwiftHablare13GeneratedTextC2id10providerId6prompt7content12languageCode15modelIdentifierAC10Foundation4UUIDV_S4SSgAMtcfc
FNDA:2,$s12SwiftHablare14GeneratedAudioC2id10providerId6prompt9audioData0I6Format8duration10sampleRate05voiceG0AC10Foundation4UUIDV_S2SAL0J0VSSSdSgSiSgSSSgtcfc
FNDA:2,$s12SwiftHablare14GeneratedImageC2id10providerId6prompt9imageData0I6Format5width6heightAC10Foundation4UUIDV_S2SAK0J0VSSSiSgAPtcfc
FNDA:1,$s12SwiftHablare14GeneratedVideoC2id10providerId6prompt8videoURL0I6Format8durationAC10Foundation4UUIDV_S2SAJ0J0VSSSdSgtcfc
FNDA:1,$s12SwiftHablare23GeneratedStructuredDataC2id10providerId6prompt4data0J6Format13schemaVersionAC10Foundation4UUIDV_S2SAJ0E0VS2SSgtcfc
FNF:7
FNH:7
DA:71,6
DA:72,6
DA:73,6
DA:74,6
DA:75,6
DA:76,6
DA:77,6
DA:78,6
DA:79,6
DA:80,6
DA:81,6
DA:82,6
DA:85,1
DA:86,1
DA:87,1
DA:130,6
DA:131,6
DA:132,6
DA:133,6
DA:134,6
DA:135,6
DA:136,6
DA:137,6
DA:138,6
DA:139,6
DA:140,6
DA:141,6
DA:142,6
DA:143,6
DA:192,2
DA:193,2
DA:194,2
DA:195,2
DA:196,2
DA:197,2
DA:198,2
DA:199,2
DA:200,2
DA:201,2
DA:202,2
DA:203,2
DA:245,2
DA:246,2
DA:247,2
DA:248,2
DA:249,2
DA:250,2
DA:251,2
DA:252,2
DA:253,2
DA:254,2
DA:255,2
DA:256,2
DA:303,1
DA:304,1
DA:305,1
DA:306,1
DA:307,1
DA:308,1
DA:309,1
DA:310,1
DA:311,1
DA:312,1
DA:347,1
DA:348,1
DA:349,1
DA:350,1
DA:351,1
DA:352,1
DA:353,1
DA:354,1
DA:355,1
DA:356,1
BRF:0
BRH:0
LF:73
LH:73
end_of_record
SF:/Users/stovak/Projects/SwiftHablare/Sources/SwiftHablare/Models/AudioFile.swift
FN:40,$s12SwiftHablare9AudioFileC2id4text7voiceId08providerH09audioData0J6Format8duration10sampleRate03bitO08channels9createdAt08modifiedS0AC10Foundation4UUIDV_S3SAP0K0VSSSdSgSiSgA2vP4DateVAXtcfc
FNDA:0,$s12SwiftHablare9AudioFileC2id4text7voiceId08providerH09audioData0J6Format8duration10sampleRate03bitO08channels9createdAt08modifiedS0AC10Foundation4UUIDV_S3SAP0K0VSSSdSgSiSgA2vP4DateVAXtcfc
FNF:1
FNH:0
DA:40,0
DA:41,0
DA:42,0
DA:43,0
DA:44,0
DA:45,0
DA:46,0
DA:47,0
DA:48,0
DA:49,0
DA:50,0
DA:51,0
DA:52,0
DA:53,0
BRF:0
BRH:0
LF:14
LH:0
end_of_record
SF:/Users/stovak/Projects/SwiftHablare/Sources/SwiftHablare/Models/Voice.swift
FN:29,$s12SwiftHablare5VoiceV2id4name11description10providerId8language8locality6genderACSS_S2SSgSSA3KtcfC
FN:39,$s12SwiftHablare5VoiceV4fromACs7Decoder_p_tKcfC
FNDA:0,$s12SwiftHablare5VoiceV2id4name11description10providerId8language8locality6genderACSS_S2SSgSSA3KtcfC
FNDA:0,$s12SwiftHablare5VoiceV4fromACs7Decoder_p_tKcfC
FNF:2
FNH:0
DA:29,0
DA:30,0
DA:31,0
DA:32,0
DA:33,0
DA:34,0
DA:35,0
DA:36,0
DA:37,0
DA:39,0
DA:40,0
DA:41,0
DA:42,0
DA:43,0
DA:44,0
DA:45,0
DA:46,0
DA:47,0
DA:48,0
BRF:0
BRH:0
LF:19
LH:0
end_of_record
SF:/Users/stovak/Projects/SwiftHablare/Sources/SwiftHablare/Models/VoiceModel.swift
FN:32,$s12SwiftHablare10VoiceModelC7voiceId4name0E11Description08providerF08language8locality6gender11lastFetchedACSS_S2SSgSSA3L10Foundation4DateVtcfc
FN:44,$s12SwiftHablare10VoiceModelC4fromyAcA0C0VFZ
FN:57,$s12SwiftHablare10VoiceModelC02toC0AA0C0VyF
FNDA:0,$s12SwiftHablare10VoiceModelC7voiceId4name0E11Description08providerF08language8locality6gender11lastFetchedACSS_S2SSgSSA3L10Foundation4DateVtcfc
FNDA:0,$s12SwiftHablare10VoiceModelC4fromyAcA0C0VFZ
FNDA:0,$s12SwiftHablare10VoiceModelC02toC0AA0C0VyF
FNF:3
FNH:0
DA:32,0
DA:33,0
DA:34,0
DA:35,0
DA:36,0
DA:37,0
DA:38,0
DA:39,0
DA:40,0
DA:41,0
DA:44,0
DA:45,0
DA:46,0
DA:47,0
DA:48,0
DA:49,0
DA:50,0
DA:51,0
DA:52,0
DA:53,0
DA:54,0
DA:57,0
DA:58,0
DA:59,0
DA:60,0
DA:61,0
DA:62,0
DA:63,0
DA:64,0
DA:65,0
DA:66,0
DA:67,0
BRF:0
BRH:0
LF:32
LH:0
end_of_record
SF:/Users/stovak/Projects/SwiftHablare/Sources/SwiftHablare/Providers/AppleVoiceProvider.swift
FN:14,$s12SwiftHablare18AppleVoiceProviderC10providerIdSSvpfi
FN:15,$s12SwiftHablare18AppleVoiceProviderC11displayNameSSvpfi
FN:16,$s12SwiftHablare18AppleVoiceProviderC14requiresAPIKeySbvpfi
FN:18,$s12SwiftHablare18AppleVoiceProviderCACycfc
FN:20,$s12SwiftHablare18AppleVoiceProviderC12isConfiguredSbyF
FN:25,$s12SwiftHablare18AppleVoiceProviderC11fetchVoicesSayAA0D0VGyYaKF
FN:26,$s12SwiftHablare18AppleVoiceProviderC11fetchVoicesSayAA0D0VGyYaKFyScCyAGs5Error_pGXEfU_
FN:28,$s12SwiftHablare18AppleVoiceProviderC11fetchVoicesSayAA0D0VGyYaKFyScCyAGs5Error_pGXEfU_yyYbScMYccfU_
FN:39,$s12SwiftHablare18AppleVoiceProviderC11fetchVoicesSayAA0D0VGyYaKFyScCyAGs5Error_pGXEfU_yyYbScMYccfU_SSyKXEfu_
FN:42,$s12SwiftHablare18AppleVoiceProviderC11fetchVoicesSayAA0D0VGyYaKFyScCyAGs5Error_pGXEfU_yyYbScMYccfU_AFSgSo017AVSpeechSynthesisD0CXEfU_
FN:44,$s12SwiftHablare18AppleVoiceProviderC11fetchVoicesSayAA0D0VGyYaKFyScCyAGs5Error_pGXEfU_yyYbScMYccfU_AFSgSo017AVSpeechSynthesisD0CXEfU_SSyKXEfu_
FN:76,$s12SwiftHablare18AppleVoiceProviderC11fetchVoicesSayAA0D0VGyYaKFyScCyAGs5Error_pGXEfU_yyYbScMYccfU_SbAFXEfU0_
FN:96,$s12SwiftHablare18AppleVoiceProviderC13generateAudio4text7voiceId10Foundation4DataVSS_SStYaKF
FN:100,$s12SwiftHablare18AppleVoiceProviderC36generateAudioWithAVSpeechSynthesizer33_C2E46B2EB824516FCA768287B11AFCC1LL4text7voiceId10Foundation4DataVSS_SStYaKF
FN:105,$s12SwiftHablare18AppleVoiceProviderC36generateAudioWithAVSpeechSynthesizer33_C2E46B2EB824516FCA768287B11AFCC1LL4text7voiceId10Foundation4DataVSS_SStYaKFyScCyAJs5Error_pGXEfU_
FN:106,$s12SwiftHablare18AppleVoiceProviderC36generateAudioWithAVSpeechSynthesizer33_C2E46B2EB824516FCA768287B11AFCC1LL4text7voiceId10Foundation4DataVSS_SStYaKFyScCyAJs5Error_pGXEfU_yyYbScMYccfU_
FN:138,$s12SwiftHablare18AppleVoiceProviderC16estimateDuration4text7voiceIdSdSS_SStYaF
FN:165,$s12SwiftHablare18AppleVoiceProviderC02isD9Available7voiceIdSbSS_tYaF
FN:166,$s12SwiftHablare18AppleVoiceProviderC02isD9Available7voiceIdSbSS_tYaFyScCySbs5NeverOGXEfU_
FN:168,$s12SwiftHablare18AppleVoiceProviderC02isD9Available7voiceIdSbSS_tYaFyScCySbs5NeverOGXEfU_yyYbScMYccfU_
FN:178,$s12SwiftHablare18AppleVoiceProviderC02isD9Available7voiceIdSbSS_tYaFyScCySbs5NeverOGXEfU_yyYbScMYccfU_SbSo017AVSpeechSynthesisD0CXEfU_
FN:185,$s12SwiftHablare18AppleVoiceProviderC18qualityDescription33_C2E46B2EB824516FCA768287B11AFCC1LL3forSSSo017AVSpeechSynthesisD7QualityV_tF
FN:198,$s12SwiftHablare18AppleVoiceProviderC13extractGender33_C2E46B2EB824516FCA768287B11AFCC1LL4from10identifierSSSgSS_SStF
FN:208,$s12SwiftHablare18AppleVoiceProviderC13extractGender33_C2E46B2EB824516FCA768287B11AFCC1LL4from10identifierSSSgSS_SStFSbyKXEfu_
FN:215,$s12SwiftHablare18AppleVoiceProviderC13extractGender33_C2E46B2EB824516FCA768287B11AFCC1LL4from10identifierSSSgSS_SStFSbyKXEfu0_
FNDA:0,$s12SwiftHablare18AppleVoiceProviderC10providerIdSSvpfi
FNDA:0,$s12SwiftHablare18AppleVoiceProviderC11displayNameSSvpfi
FNDA:0,$s12SwiftHablare18AppleVoiceProviderC14requiresAPIKeySbvpfi
FNDA:0,$s12SwiftHablare18AppleVoiceProviderCACycfc
FNDA:0,$s12SwiftHablare18AppleVoiceProviderC12isConfiguredSbyF
FNDA:0,$s12SwiftHablare18AppleVoiceProviderC11fetchVoicesSayAA0D0VGyYaKF
FNDA:0,$s12SwiftHablare18AppleVoiceProviderC11fetchVoicesSayAA0D0VGyYaKFyScCyAGs5Error_pGXEfU_
FNDA:0,$s12SwiftHablare18AppleVoiceProviderC11fetchVoicesSayAA0D0VGyYaKFyScCyAGs5Error_pGXEfU_yyYbScMYccfU_
FNDA:0,$s12SwiftHablare18AppleVoiceProviderC11fetchVoicesSayAA0D0VGyYaKFyScCyAGs5Error_pGXEfU_yyYbScMYccfU_SSyKXEfu_
FNDA:0,$s12SwiftHablare18AppleVoiceProviderC11fetchVoicesSayAA0D0VGyYaKFyScCyAGs5Error_pGXEfU_yyYbScMYccfU_AFSgSo017AVSpeechSynthesisD0CXEfU_
FNDA:0,$s12SwiftHablare18AppleVoiceProviderC11fetchVoicesSayAA0D0VGyYaKFyScCyAGs5Error_pGXEfU_yyYbScMYccfU_AFSgSo017AVSpeechSynthesisD0CXEfU_SSyKXEfu_
FNDA:0,$s12SwiftHablare18AppleVoiceProviderC11fetchVoicesSayAA0D0VGyYaKFyScCyAGs5Error_pGXEfU_yyYbScMYccfU_SbAFXEfU0_
FNDA:0,$s12SwiftHablare18AppleVoiceProviderC13generateAudio4text7voiceId10Foundation4DataVSS_SStYaKF
FNDA:0,$s12SwiftHablare18AppleVoiceProviderC36generateAudioWithAVSpeechSynthesizer33_C2E46B2EB824516FCA768287B11AFCC1LL4text7voiceId10Foundation4DataVSS_SStYaKF
FNDA:0,$s12SwiftHablare18AppleVoiceProviderC36generateAudioWithAVSpeechSynthesizer33_C2E46B2EB824516FCA768287B11AFCC1LL4text7voiceId10Foundation4DataVSS_SStYaKFyScCyAJs5Error_pGXEfU_
FNDA:0,$s12SwiftHablare18AppleVoiceProviderC36generateAudioWithAVSpeechSynthesizer33_C2E46B2EB824516FCA768287B11AFCC1LL4text7voiceId10Foundation4DataVSS_SStYaKFyScCyAJs5Error_pGXEfU_yyYbScMYccfU_
FNDA:0,$s12SwiftHablare18AppleVoiceProviderC16estimateDuration4text7voiceIdSdSS_SStYaF
FNDA:0,$s12SwiftHablare18AppleVoiceProviderC02isD9Available7voiceIdSbSS_tYaF
FNDA:0,$s12SwiftHablare18AppleVoiceProviderC02isD9Available7voiceIdSbSS_tYaFyScCySbs5NeverOGXEfU_
FNDA:0,$s12SwiftHablare18AppleVoiceProviderC02isD9Available7voiceIdSbSS_tYaFyScCySbs5NeverOGXEfU_yyYbScMYccfU_
FNDA:0,$s12SwiftHablare18AppleVoiceProviderC02isD9Available7voiceIdSbSS_tYaFyScCySbs5NeverOGXEfU_yyYbScMYccfU_SbSo017AVSpeechSynthesisD0CXEfU_
FNDA:0,$s12SwiftHablare18AppleVoiceProviderC18qualityDescription33_C2E46B2EB824516FCA768287B11AFCC1LL3forSSSo017AVSpeechSynthesisD7QualityV_tF
FNDA:0,$s12SwiftHablare18AppleVoiceProviderC13extractGender33_C2E46B2EB824516FCA768287B11AFCC1LL4from10identifierSSSgSS_SStF
FNDA:0,$s12SwiftHablare18AppleVoiceProviderC13extractGender33_C2E46B2EB824516FCA768287B11AFCC1LL4from10identifierSSSgSS_SStFSbyKXEfu_
FNDA:0,$s12SwiftHablare18AppleVoiceProviderC13extractGender33_C2E46B2EB824516FCA768287B11AFCC1LL4from10identifierSSSgSS_SStFSbyKXEfu0_
FNF:25
FNH:0
DA:14,0
DA:15,0
DA:16,0
DA:18,0
DA:20,0
DA:21,0
DA:22,0
DA:23,0
DA:25,0
DA:26,0
DA:27,0
DA:28,0
DA:29,0
DA:30,0
DA:31,0
DA:32,0
DA:33,0
DA:34,0
DA:35,0
DA:36,0
DA:37,0
DA:38,0
DA:39,0
DA:40,0
DA:41,0
DA:42,0
DA:43,0
DA:44,0
DA:45,0
DA:46,0
DA:47,0
DA:48,0
DA:49,0
DA:50,0
DA:51,0
DA:52,0
DA:53,0
DA:54,0
DA:55,0
DA:56,0
DA:57,0
DA:58,0
DA:59,0
DA:60,0
DA:61,0
DA:62,0
DA:63,0
DA:64,0
DA:65,0
DA:66,0
DA:67,0
DA:68,0
DA:69,0
DA:70,0
DA:71,0
DA:72,0
DA:73,0
DA:74,0
DA:75,0
DA:76,0
DA:77,0
DA:78,0
DA:79,0
DA:80,0
DA:81,0
DA:82,0
DA:83,0
DA:84,0
DA:85,0
DA:86,0
DA:87,0
DA:88,0
DA:89,0
DA:90,0
DA:91,0
DA:92,0
DA:93,0
DA:94,0
DA:96,0
DA:97,0
DA:98,0
DA:100,0
DA:101,0
DA:102,0
DA:103,0
DA:104,0
DA:105,0
DA:106,0
DA:107,0
DA:108,0
DA:109,0
DA:110,0
DA:111,0
DA:112,0
DA:113,0
DA:114,0
DA:115,0
DA:116,0
DA:117,0
DA:118,0
DA:119,0
DA:120,0
DA:121,0
DA:122,0
DA:123,0
DA:124,0
DA:125,0
DA:126,0
DA:127,0
DA:128,0
DA:129,0
DA:130,0
DA:131,0
DA:132,0
DA:133,0
DA:134,0
DA:135,0
DA:136,0
DA:138,0
DA:139,0
DA:140,0
DA:141,0
DA:142,0
DA:143,0
DA:144,0
DA:145,0
DA:146,0
DA:147,0
DA:148,0
DA:149,0
DA:150,0
DA:151,0
DA:152,0
DA:153,0
DA:154,0
DA:155,0
DA:156,0
DA:157,0
DA:158,0
DA:159,0
DA:160,0
DA:161,0
DA:162,0
DA:163,0
DA:165,0
DA:166,0
DA:167,0
DA:168,0
DA:169,0
DA:170,0
DA:171,0
DA:172,0
DA:173,0
DA:174,0
DA:175,0
DA:176,0
DA:177,0
DA:178,0
DA:179,0
DA:180,0
DA:181,0
DA:182,0
DA:183,0
DA:185,0
DA:186,0
DA:187,0
DA:188,0
DA:189,0
DA:190,0
DA:191,0
DA:192,0
DA:193,0
DA:194,0
DA:195,0
DA:196,0
DA:198,0
DA:199,0
DA:200,0
DA:201,0
DA:202,0
DA:203,0
DA:204,0
DA:205,0
DA:206,0
DA:207,0
DA:208,0
DA:209,0
DA:210,0
DA:211,0
DA:212,0
DA:213,0
DA:214,0
DA:215,0
DA:216,0
DA:217,0
DA:218,0
DA:219,0
DA:220,0
DA:221,0
DA:222,0
BRF:0
BRH:0
LF:467
LH:0
end_of_record
SF:/Users/stovak/Projects/SwiftHablare/Sources/SwiftHablare/Providers/DefaultProviders/BaseHTTPProvider.swift
FN:39,$s12SwiftHablare16BaseHTTPProviderC7baseURL7timeout10urlSessionACSS_SdSo12NSURLSessionCtcfc
FN:55,$s12SwiftHablare16BaseHTTPProviderC4post8endpoint7headers4bodyq_SS_SDyS2SGxtYaKSERzSeR_r0_lF
FN:95,$s12SwiftHablare16BaseHTTPProviderC4post8endpoint7headers4bodyq_SS_SDyS2SGxtYaKSERzSeR_r0_lFSSyKXEfu_
FN:128,$s12SwiftHablare16BaseHTTPProviderC3get8endpoint7headersxSS_SDyS2SGtYaKSeRzlF
FN:157,$s12SwiftHablare16BaseHTTPProviderC3get8endpoint7headersxSS_SDyS2SGtYaKSeRzlFSSyKXEfu_
FN:179,$s12SwiftHablare16BaseHTTPProviderC11mapURLError33_C6981218CD2299ADB88A2060CDDD1127LLyAA14AIServiceErrorOs0M0_pF
FNDA:19,$s12SwiftHablare16BaseHTTPProviderC7baseURL7timeout10urlSessionACSS_SdSo12NSURLSessionCtcfc
FNDA:1,$s12SwiftHablare16BaseHTTPProviderC4post8endpoint7headers4bodyq_SS_SDyS2SGxtYaKSERzSeR_r0_lF
FNDA:0,$s12SwiftHablare16BaseHTTPProviderC4post8endpoint7headers4bodyq_SS_SDyS2SGxtYaKSERzSeR_r0_lFSSyKXEfu_
FNDA:0,$s12SwiftHablare16BaseHTTPProviderC3get8endpoint7headersxSS_SDyS2SGtYaKSeRzlF
FNDA:0,$s12SwiftHablare16BaseHTTPProviderC3get8endpoint7headersxSS_SDyS2SGtYaKSeRzlFSSyKXEfu_
FNDA:1,$s12SwiftHablare16BaseHTTPProviderC11mapURLError33_C6981218CD2299ADB88A2060CDDD1127LLyAA14AIServiceErrorOs0M0_pF
FNF:6
FNH:3
DA:39,19
DA:40,19
DA:41,19
DA:42,19
DA:43,19
DA:55,1
DA:56,1
DA:57,1
DA:58,0
DA:59,1
DA:60,1
DA:61,1
DA:62,1
DA:63,1
DA:64,1
DA:65,1
DA:66,1
DA:67,1
DA:68,0
DA:69,1
DA:70,1
DA:71,1
DA:72,1
DA:73,1
DA:74,1
DA:75,1
DA:76,0
DA:77,1
DA:78,1
DA:79,1
DA:80,1
DA:81,1
DA:82,1
DA:83,1
DA:84,1
DA:85,1
DA:86,0
DA:87,0
DA:88,0
DA:89,0
DA:90,0
DA:91,0
DA:92,0
DA:93,0
DA:94,0
DA:95,0
DA:96,0
DA:97,0
DA:98,0
DA:99,0
DA:100,0
DA:101,0
DA:102,0
DA:103,0
DA:104,0
DA:105,0
DA:106,0
DA:107,0
DA:108,0
DA:109,0
DA:110,0
DA:111,0
DA:112,0
DA:113,0
DA:114,0
DA:115,0
DA:116,0
DA:117,0
DA:118,0
DA:128,0
DA:129,0
DA:130,0
DA:131,0
DA:132,0
DA:133,0
DA:134,0
DA:135,0
DA:136,0
DA:137,0
DA:138,0
DA:139,0
DA:140,0
DA:141,0
DA:142,0
DA:143,0
DA:144,0
DA:145,0
DA:146,0
DA:147,0
DA:148,0
DA:149,0
DA:150,0
DA:151,0
DA:152,0
DA:153,0
DA:154,0
DA:155,0
DA:156,0
DA:157,0
DA:158,0
DA:159,0
DA:160,0
DA:161,0
DA:162,0
DA:163,0
DA:164,0
DA:165,0
DA:166,0
DA:167,0
DA:168,0
DA:179,1
DA:180,1
DA:181,1
DA:182,0
DA:183,1
DA:184,1
DA:185,1
DA:186,1
DA:187,1
DA:188,1
DA:189,0
DA:190,1
DA:191,1
DA:192,0
DA:193,1
DA:194,1
DA:195,1
DA:196,1
DA:197,1
DA:198,0
DA:199,1
DA:200,1
DA:201,0
DA:202,1
DA:203,1
DA:204,0
DA:205,1
DA:206,1
DA:207,0
DA:208,1
DA:209,1
DA:210,0
DA:211,1
DA:212,1
DA:213,0
DA:214,0
DA:215,0
DA:216,1
BRF:0
BRH:0
LF:150
LH:60
end_of_record
SF:/Users/stovak/Projects/SwiftHablare/Sources/SwiftHablare/Providers/DefaultProviders/MockOpenAIProvider.swift
FN:35,$s12SwiftHablare18MockOpenAIProviderC2idSSvpfi
FN:36,$s12SwiftHablare18MockOpenAIProviderC11displayNameSSvpfi
FN:40,$s12SwiftHablare18MockOpenAIProviderC12capabilitiesSayAA12AICapabilityOGvpfi
FN:42,$s12SwiftHablare18MockOpenAIProviderC23supportedDataStructuresSayAA0G19StructureCapabilityOGvpfi
FN:46,$s12SwiftHablare18MockOpenAIProviderC14requiresAPIKeySbvpfi
FN:49,$s12SwiftHablare18MockOpenAIProviderC13mockResponses33_ECBD7CEFEFD82104349A603665B118B8LLSDyS2SGvpfi
FN:50,$s12SwiftHablare18MockOpenAIProviderC10shouldFail33_ECBD7CEFEFD82104349A603665B118B8LLSbvpfi
FN:55,$s12SwiftHablare18MockOpenAIProviderC12responseTypeAA15ResponseContentO0iG0Ovpfi
FN:64,$s12SwiftHablare18MockOpenAIProviderC6apiKey13mockResponsesACSSSg_SDyS2SGtcfc
FN:71,$s12SwiftHablare18MockOpenAIProviderC12isConfiguredSbyF
FN:75,$s12SwiftHablare18MockOpenAIProviderC21validateConfigurationyyKF
FN:90,$s12SwiftHablare18MockOpenAIProviderC8generate6prompt10parameterss6ResultOyAA15ResponseContentOAA14AIServiceErrorOGSS_SDySSypGtYaF
FN:103,$s12SwiftHablare18MockOpenAIProviderC8generate6prompt10parameterss6ResultOyAA15ResponseContentOAA14AIServiceErrorOGSS_SDySSypGtYaFALyKXEfu_
FN:124,$s12SwiftHablare18MockOpenAIProviderC8generate6prompt10parameters7context10Foundation4DataVSS_SDySSypG0aK012ModelContextCtYaKF
FN:148,$s12SwiftHablare18MockOpenAIProviderC16generateProperty3for8property6prompt7contextypx_s14PartialKeyPathCyxGSSSgSDySSypGtYaK0A4Data15PersistentModelRzlF
FN:149,$s12SwiftHablare18MockOpenAIProviderC16generateProperty3for8property6prompt7contextypx_s14PartialKeyPathCyxGSSSgSDySSypGtYaK0A4Data15PersistentModelRzlFSSyKXEfu_
FN:154,$s12SwiftHablare18MockOpenAIProviderC16generateProperty3for8property6prompt7contextypx_s14PartialKeyPathCyxGSSSgSDySSypGtYaK0A4Data15PersistentModelRzlFSSyKXEfu0_
FN:167,$s12SwiftHablare18MockOpenAIProviderC03setC8Response_3forySS_SStF
FN:174,$s12SwiftHablare18MockOpenAIProviderC15simulateFailureyyAA14AIServiceErrorOF
FN:180,$s12SwiftHablare18MockOpenAIProviderC12resetFailureyyF
FN:187,$s12SwiftHablare18MockOpenAIProviderC08generateC8Response33_ECBD7CEFEFD82104349A603665B118B8LL3for10parametersS2S_SDySSypGtF
FN:188,$s12SwiftHablare18MockOpenAIProviderC08generateC8Response33_ECBD7CEFEFD82104349A603665B118B8LL3for10parametersS2S_SDySSypGtFSSyKXEfu_
FN:189,$s12SwiftHablare18MockOpenAIProviderC08generateC8Response33_ECBD7CEFEFD82104349A603665B118B8LL3for10parametersS2S_SDySSypGtFSiyKXEfu0_
FN:210,$s12SwiftHablare18MockOpenAIProviderC10configuredACyFZ
FN:215,$s12SwiftHablare18MockOpenAIProviderC12unconfiguredACyFZ
FNDA:24,$s12SwiftHablare18MockOpenAIProviderC2idSSvpfi
FNDA:24,$s12SwiftHablare18MockOpenAIProviderC11displayNameSSvpfi
FNDA:24,$s12SwiftHablare18MockOpenAIProviderC12capabilitiesSayAA12AICapabilityOGvpfi
FNDA:24,$s12SwiftHablare18MockOpenAIProviderC23supportedDataStructuresSayAA0G19StructureCapabilityOGvpfi
FNDA:24,$s12SwiftHablare18MockOpenAIProviderC14requiresAPIKeySbvpfi
FNDA:24,$s12SwiftHablare18MockOpenAIProviderC13mockResponses33_ECBD7CEFEFD82104349A603665B118B8LLSDyS2SGvpfi
FNDA:24,$s12SwiftHablare18MockOpenAIProviderC10shouldFail33_ECBD7CEFEFD82104349A603665B118B8LLSbvpfi
FNDA:24,$s12SwiftHablare18MockOpenAIProviderC12responseTypeAA15ResponseContentO0iG0Ovpfi
FNDA:24,$s12SwiftHablare18MockOpenAIProviderC6apiKey13mockResponsesACSSSg_SDyS2SGtcfc
FNDA:4,$s12SwiftHablare18MockOpenAIProviderC12isConfiguredSbyF
FNDA:17,$s12SwiftHablare18MockOpenAIProviderC21validateConfigurationyyKF
FNDA:18,$s12SwiftHablare18MockOpenAIProviderC8generate6prompt10parameterss6ResultOyAA15ResponseContentOAA14AIServiceErrorOGSS_SDySSypGtYaF
FNDA:0,$s12SwiftHablare18MockOpenAIProviderC8generate6prompt10parameterss6ResultOyAA15ResponseContentOAA14AIServiceErrorOGSS_SDySSypGtYaFALyKXEfu_
FNDA:0,$s12SwiftHablare18MockOpenAIProviderC8generate6prompt10parameters7context10Foundation4DataVSS_SDySSypG0aK012ModelContextCtYaKF
FNDA:0,$s12SwiftHablare18MockOpenAIProviderC16generateProperty3for8property6prompt7contextypx_s14PartialKeyPathCyxGSSSgSDySSypGtYaK0A4Data15PersistentModelRzlF
FNDA:0,$s12SwiftHablare18MockOpenAIProviderC16generateProperty3for8property6prompt7contextypx_s14PartialKeyPathCyxGSSSgSDySSypGtYaK0A4Data15PersistentModelRzlFSSyKXEfu_
FNDA:0,$s12SwiftHablare18MockOpenAIProviderC16generateProperty3for8property6prompt7contextypx_s14PartialKeyPathCyxGSSSgSDySSypGtYaK0A4Data15PersistentModelRzlFSSyKXEfu0_
FNDA:1,$s12SwiftHablare18MockOpenAIProviderC03setC8Response_3forySS_SStF
FNDA:4,$s12SwiftHablare18MockOpenAIProviderC15simulateFailureyyAA14AIServiceErrorOF
FNDA:1,$s12SwiftHablare18MockOpenAIProviderC12resetFailureyyF
FNDA:12,$s12SwiftHablare18MockOpenAIProviderC08generateC8Response33_ECBD7CEFEFD82104349A603665B118B8LL3for10parametersS2S_SDySSypGtF
FNDA:10,$s12SwiftHablare18MockOpenAIProviderC08generateC8Response33_ECBD7CEFEFD82104349A603665B118B8LL3for10parametersS2S_SDySSypGtFSSyKXEfu_
FNDA:11,$s12SwiftHablare18MockOpenAIProviderC08generateC8Response33_ECBD7CEFEFD82104349A603665B118B8LL3for10parametersS2S_SDySSypGtFSiyKXEfu0_
FNDA:19,$s12SwiftHablare18MockOpenAIProviderC10configuredACyFZ
FNDA:4,$s12SwiftHablare18MockOpenAIProviderC12unconfiguredACyFZ
FNF:25
FNH:20
DA:35,24
DA:36,24
DA:40,24
DA:42,24
DA:46,24
DA:49,24
DA:50,24
DA:55,24
DA:64,24
DA:65,24
DA:66,24
DA:67,24
DA:71,4
DA:72,4
DA:73,4
DA:75,17
DA:76,17
DA:77,2
DA:78,15
DA:79,15
DA:80,15
DA:81,1
DA:82,14
DA:83,14
DA:90,18
DA:91,18
DA:92,18
DA:93,18
DA:94,18
DA:95,18
DA:96,4
DA:97,14
DA:98,14
DA:99,14
DA:100,14
DA:101,14
DA:102,13
DA:103,1
DA:104,13
DA:105,13
DA:106,13
DA:107,13
DA:108,1
DA:109,12
DA:110,12
DA:111,12
DA:112,12
DA:113,12
DA:114,12
DA:115,18
DA:124,0
DA:125,0
DA:126,0
DA:127,0
DA:128,0
DA:129,0
DA:130,0
DA:131,0
DA:132,0
DA:133,0
DA:134,0
DA:135,0
DA:136,0
DA:137,0
DA:138,0
DA:139,0
DA:140,0
DA:148,0
DA:149,0
DA:150,0
DA:151,0
DA:152,0
DA:153,0
DA:154,0
DA:155,0
DA:156,0
DA:157,0
DA:158,0
DA:167,1
DA:168,1
DA:169,1
DA:174,4
DA:175,4
DA:176,4
DA:177,4
DA:180,1
DA:181,1
DA:182,1
DA:183,1
DA:187,12
DA:188,12
DA:189,12
DA:190,12
DA:191,12
DA:192,12
DA:193,12
DA:194,12
DA:195,12
DA:196,12
DA:197,12
DA:198,12
DA:199,12
DA:200,12
DA:201,12
DA:210,19
DA:211,19
DA:212,19
DA:215,4
DA:216,4
DA:217,4
BRF:0
BRH:0
LF:115
LH:84
end_of_record
SF:/Users/stovak/Projects/SwiftHablare/Sources/SwiftHablare/Providers/DefaultProviders/OpenAIProvider.swift
FN:47,$s12SwiftHablare14OpenAIProviderC2idSSvpfi
FN:48,$s12SwiftHablare14OpenAIProviderC11displayNameSSvpfi
FN:52,$s12SwiftHablare14OpenAIProviderC12capabilitiesSayAA12AICapabilityOGvpfi
FN:57,$s12SwiftHablare14OpenAIProviderC23supportedDataStructuresSayAA0F19StructureCapabilityOGvpfi
FN:61,$s12SwiftHablare14OpenAIProviderC14requiresAPIKeySbvpfi
FN:67,$s12SwiftHablare14OpenAIProviderC12responseTypeAA15ResponseContentO0hF0Ovpfi
FN:79,$s12SwiftHablare14OpenAIProviderC17credentialManager7baseURLAcA012AICredentialF0C_SStcfc
FN:86,$s12SwiftHablare14OpenAIProviderC12isConfiguredSbyF
FN:92,$s12SwiftHablare14OpenAIProviderC21validateConfigurationyyKF
FN:102,$s12SwiftHablare14OpenAIProviderC8generate6prompt10parameterss6ResultOyAA15ResponseContentOAA14AIServiceErrorOGSS_SDySSypGtYaF
FN:112,$s12SwiftHablare14OpenAIProviderC8generate6prompt10parameterss6ResultOyAA15ResponseContentOAA14AIServiceErrorOGSS_SDySSypGtYaFSbyKXEfu_
FN:117,$s12SwiftHablare14OpenAIProviderC8generate6prompt10parameterss6ResultOyAA15ResponseContentOAA14AIServiceErrorOGSS_SDySSypGtYaFSSyKXEfu0_
FN:118,$s12SwiftHablare14OpenAIProviderC8generate6prompt10parameterss6ResultOyAA15ResponseContentOAA14AIServiceErrorOGSS_SDySSypGtYaFSdyKXEfu1_
FN:163,$s12SwiftHablare14OpenAIProviderC8generate6prompt10parameters7context10Foundation4DataVSS_SDySSypG0aJ012ModelContextCtYaKF
FN:187,$s12SwiftHablare14OpenAIProviderC16generateProperty3for8property6prompt7contextypx_s14PartialKeyPathCyxGSSSgSDySSypGtYaK0A4Data15PersistentModelRzlF
FN:188,$s12SwiftHablare14OpenAIProviderC16generateProperty3for8property6prompt7contextypx_s14PartialKeyPathCyxGSSSgSDySSypGtYaK0A4Data15PersistentModelRzlFSSyKXEfu_
FN:193,$s12SwiftHablare14OpenAIProviderC16generateProperty3for8property6prompt7contextypx_s14PartialKeyPathCyxGSSSgSDySSypGtYaK0A4Data15PersistentModelRzlFSSyKXEfu0_
FN:267,$s12SwiftHablare14OpenAIProviderC6sharedACyFZ
FNDA:8,$s12SwiftHablare14OpenAIProviderC2idSSvpfi
FNDA:8,$s12SwiftHablare14OpenAIProviderC11displayNameSSvpfi
FNDA:8,$s12SwiftHablare14OpenAIProviderC12capabilitiesSayAA12AICapabilityOGvpfi
FNDA:8,$s12SwiftHablare14OpenAIProviderC23supportedDataStructuresSayAA0F19StructureCapabilityOGvpfi
FNDA:8,$s12SwiftHablare14OpenAIProviderC14requiresAPIKeySbvpfi
FNDA:8,$s12SwiftHablare14OpenAIProviderC12responseTypeAA15ResponseContentO0hF0Ovpfi
FNDA:8,$s12SwiftHablare14OpenAIProviderC17credentialManager7baseURLAcA012AICredentialF0C_SStcfc
FNDA:0,$s12SwiftHablare14OpenAIProviderC12isConfiguredSbyF
FNDA:0,$s12SwiftHablare14OpenAIProviderC21validateConfigurationyyKF
FNDA:0,$s12SwiftHablare14OpenAIProviderC8generate6prompt10parameterss6ResultOyAA15ResponseContentOAA14AIServiceErrorOGSS_SDySSypGtYaF
FNDA:0,$s12SwiftHablare14OpenAIProviderC8generate6prompt10parameterss6ResultOyAA15ResponseContentOAA14AIServiceErrorOGSS_SDySSypGtYaFSbyKXEfu_
FNDA:0,$s12SwiftHablare14OpenAIProviderC8generate6prompt10parameterss6ResultOyAA15ResponseContentOAA14AIServiceErrorOGSS_SDySSypGtYaFSSyKXEfu0_
FNDA:0,$s12SwiftHablare14OpenAIProviderC8generate6prompt10parameterss6ResultOyAA15ResponseContentOAA14AIServiceErrorOGSS_SDySSypGtYaFSdyKXEfu1_
FNDA:0,$s12SwiftHablare14OpenAIProviderC8generate6prompt10parameters7context10Foundation4DataVSS_SDySSypG0aJ012ModelContextCtYaKF
FNDA:0,$s12SwiftHablare14OpenAIProviderC16generateProperty3for8property6prompt7contextypx_s14PartialKeyPathCyxGSSSgSDySSypGtYaK0A4Data15PersistentModelRzlF
FNDA:0,$s12SwiftHablare14OpenAIProviderC16generateProperty3for8property6prompt7contextypx_s14PartialKeyPathCyxGSSSgSDySSypGtYaK0A4Data15PersistentModelRzlFSSyKXEfu_
FNDA:0,$s12SwiftHablare14OpenAIProviderC16generateProperty3for8property6prompt7contextypx_s14PartialKeyPathCyxGSSSgSDySSypGtYaK0A4Data15PersistentModelRzlFSSyKXEfu0_
FNDA:1,$s12SwiftHablare14OpenAIProviderC6sharedACyFZ
FNF:18
FNH:8
DA:47,8
DA:48,8
DA:52,8
DA:53,8
DA:54,8
DA:55,8
DA:57,8
DA:61,8
DA:67,8
DA:79,8
DA:80,8
DA:81,8
DA:82,8
DA:86,0
DA:87,0
DA:88,0
DA:89,0
DA:90,0
DA:92,0
DA:93,0
DA:94,0
DA:95,0
DA:102,0
DA:103,0
DA:104,0
DA:105,0
DA:106,0
DA:107,0
DA:108,0
DA:109,0
DA:110,0
DA:111,0
DA:112,0
DA:113,0
DA:114,0
DA:115,0
DA:116,0
DA:117,0
DA:118,0
DA:119,0
DA:120,0
DA:121,0
DA:122,0
DA:123,0
DA:124,0
DA:125,0
DA:126,0
DA:127,0
DA:128,0
DA:129,0
DA:130,0
DA:131,0
DA:132,0
DA:133,0
DA:134,0
DA:135,0
DA:136,0
DA:137,0
DA:138,0
DA:139,0
DA:140,0
DA:141,0
DA:142,0
DA:143,0
DA:144,0
DA:145,0
DA:146,0
DA:147,0
DA:148,0
DA:149,0
DA:150,0
DA:151,0
DA:152,0
DA:153,0
DA:154,0
DA:163,0
DA:164,0
DA:165,0
DA:166,0
DA:167,0
DA:168,0
DA:169,0
DA:170,0
DA:171,0
DA:172,0
DA:173,0
DA:174,0
DA:175,0
DA:176,0
DA:177,0
DA:178,0
DA:179,0
DA:187,0
DA:188,0
DA:189,0
DA:190,0
DA:191,0
DA:192,0
DA:193,0
DA:194,0
DA:195,0
DA:196,0
DA:197,0
DA:267,1
DA:268,1
DA:269,1
BRF:0
BRH:0
LF:111
LH:16
end_of_record
SF:/Users/stovak/Projects/SwiftHablare/Sources/SwiftHablare/Providers/ElevenLabsVoiceProvider.swift
FN:12,$s12SwiftHablare23ElevenLabsVoiceProviderC10providerIdSSvpfi
FN:13,$s12SwiftHablare23ElevenLabsVoiceProviderC11displayNameSSvpfi
FN:14,$s12SwiftHablare23ElevenLabsVoiceProviderC14requiresAPIKeySbvpfi
FN:16,$s12SwiftHablare23ElevenLabsVoiceProviderC15keychainManager33_68499B974A266149A0778DB429FCE3F4LLAA08KeychainH0Cvpfi
FN:17,$s12SwiftHablare23ElevenLabsVoiceProviderC13apiKeyAccount33_68499B974A266149A0778DB429FCE3F4LLSSvpfi
FN:19,$s12SwiftHablare23ElevenLabsVoiceProviderCACycfc
FN:21,$s12SwiftHablare23ElevenLabsVoiceProviderC12isConfiguredSbyF
FN:30,$s12SwiftHablare23ElevenLabsVoiceProviderC11fetchVoicesSayAA0E0VGyYaKF
FN:35,$s12SwiftHablare23ElevenLabsVoiceProviderC11fetchVoicesSayAA0E0VGyYaKFSSyKXEfu_
FN:51,$s12SwiftHablare23ElevenLabsVoiceProviderC11fetchVoicesSayAA0E0VGyYaKFAfA0cdE0VXEfU_
FN:64,$s12SwiftHablare23ElevenLabsVoiceProviderC13generateAudio4text7voiceId10Foundation4DataVSS_SStYaKF
[...]
DA:80,1
DA:81,1
DA:82,1
DA:83,1
DA:84,1
DA:86,1
DA:87,1
DA:88,1
DA:89,1
DA:90,1
DA:91,1
DA:92,1
DA:93,1
DA:94,1
DA:95,1
DA:96,1
DA:97,1
DA:98,1
DA:99,1
DA:100,1
DA:101,1
DA:102,1
DA:103,1
DA:104,1
DA:105,1
DA:106,1
DA:107,1
DA:108,1
DA:112,1
DA:113,1
DA:114,1
DA:115,1
DA:117,1
DA:118,1
DA:119,1
DA:120,1
DA:121,1
DA:122,1
DA:123,1
DA:125,1
DA:126,1
DA:127,1
DA:128,1
DA:129,1
DA:130,1
DA:131,1
DA:132,1
DA:136,1
DA:137,1
DA:138,1
DA:139,0
DA:140,0
DA:141,1
DA:142,1
DA:143,1
DA:144,1
DA:146,1
DA:147,1
DA:148,1
DA:149,0
DA:150,0
DA:151,1
DA:152,1
DA:153,1
DA:154,1
DA:156,1
DA:157,1
DA:158,1
DA:159,1
DA:161,1
DA:162,1
DA:163,1
DA:164,0
DA:165,0
DA:166,1
DA:167,1
DA:168,1
DA:169,1
DA:171,1
DA:172,1
DA:173,1
DA:175,1
DA:176,1
DA:177,1
DA:178,0
DA:179,0
DA:180,1
DA:181,1
DA:182,1
DA:183,1
DA:185,1
DA:186,1
DA:187,1
DA:188,1
DA:190,1
DA:191,1
DA:192,1
DA:193,1
DA:194,1
DA:195,1
DA:196,1
DA:197,1
DA:198,1
DA:199,1
DA:201,1
DA:202,1
DA:203,1
DA:204,1
DA:205,1
DA:207,1
DA:208,1
DA:209,1
DA:210,1
DA:212,1
DA:213,1
DA:214,1
DA:215,1
DA:217,1
DA:218,1
DA:219,1
DA:221,1
DA:222,1
DA:223,1
DA:224,0
DA:225,0
DA:226,1
DA:227,1
DA:228,1
DA:229,1
DA:231,1
DA:232,1
DA:233,1
DA:234,0
DA:235,0
DA:236,1
DA:237,1
DA:238,1
DA:239,1
DA:241,1
DA:242,1
DA:243,1
DA:244,1
DA:246,1
DA:247,1
DA:248,1
DA:249,0
DA:250,0
DA:251,1
DA:252,1
DA:253,1
DA:254,1
DA:256,1
DA:257,1
DA:258,1
DA:259,1
DA:260,0
DA:261,0
DA:262,1
DA:263,1
DA:264,1
DA:265,1
DA:269,1
DA:270,1
DA:271,1
DA:272,1
DA:273,1
DA:274,1
DA:275,1
DA:276,1
DA:277,1
DA:278,1
DA:279,6
DA:280,6
DA:281,6
DA:282,1
BRF:0
BRH:0
LF:371
LH:355
end_of_record
SF:/Users/stovak/Projects/SwiftHablare/Tests/SwiftHablareTests/Security/SecureKeychainManagerTests.swift
FN:14,$s17SwiftHablareTests021SecureKeychainManagerC0C5setUpyyF
FN:19,$s17SwiftHablareTests021SecureKeychainManagerC0C8tearDownyyF
FN:27,$s17SwiftHablareTests021SecureKeychainManagerC0C25testSaveAndRetrieveAPIKeyyyKF
FN:36,$s17SwiftHablareTests021SecureKeychainManagerC0C25testSaveAndRetrieveAPIKeyyyKFSSyKXEfu_
FN:36,$s17SwiftHablareTests021SecureKeychainManagerC0C25testSaveAndRetrieveAPIKeyyyKFSSyKXEfu0_
FN:42,$s17SwiftHablareTests021SecureKeychainManagerC0C35testSaveAPIKey_WithValidation_ValidyyKF
FN:46,$s17SwiftHablareTests021SecureKeychainManagerC0C35testSaveAPIKey_WithValidation_ValidyyKFyyKXEfu_
FN:52,$s17SwiftHablareTests021SecureKeychainManagerC0C37testSaveAPIKey_WithValidation_InvalidyyF
FN:56,$s17SwiftHablareTests021SecureKeychainManagerC0C37testSaveAPIKey_WithValidation_InvalidyyFyyKXEfu_
FN:59,$s17SwiftHablareTests021SecureKeychainManagerC0C37testSaveAPIKey_WithValidation_InvalidyyFSbyKXEfu0_
FN:62,$s17SwiftHablareTests021SecureKeychainManagerC0C16testUpdateAPIKeyyyKF
FN:72,$s17SwiftHablareTests021SecureKeychainManagerC0C16testUpdateAPIKeyyyKFSSyKXEfu_
FN:72,$s17SwiftHablareTests021SecureKeychainManagerC0C16testUpdateAPIKeyyyKFSSyKXEfu0_
FN:80,$s17SwiftHablareTests021SecureKeychainManagerC0C16testUpdateAPIKeyyyKFSSyKXEfu1_
FN:80,$s17SwiftHablareTests021SecureKeychainManagerC0C16testUpdateAPIKeyyyKFSSyKXEfu2_
FN:86,$s17SwiftHablareTests021SecureKeychainManagerC0C16testDeleteAPIKeyyyKF
FN:92,$s17SwiftHablareTests021SecureKeychainManagerC0C16testDeleteAPIKeyyyKFSbyKXEfu_
FN:96,$s17SwiftHablareTests021SecureKeychainManagerC0C16testDeleteAPIKeyyyKFSbyKXEfu0_
FN:99,$s17SwiftHablareTests021SecureKeychainManagerC0C25testDeleteAPIKey_NotFoundyyF
FN:103,$s17SwiftHablareTests021SecureKeychainManagerC0C25testDeleteAPIKey_NotFoundyyFyyKXEfu_
FN:106,$s17SwiftHablareTests021SecureKeychainManagerC0C27testRetrieveAPIKey_NotFoundyyF
FN:109,$s17SwiftHablareTests021SecureKeychainManagerC0C27testRetrieveAPIKey_NotFoundyyF0aB00D6StringCyKXEfu_
FN:109,$s17SwiftHablareTests021SecureKeychainManagerC0C27testRetrieveAPIKey_NotFoundyyFys5Error_pXEfU_
FN:110,$s17SwiftHablareTests021SecureKeychainManagerC0C27testRetrieveAPIKey_NotFoundyyFys5Error_pXEfU_SbyKXEfu_
FN:121,$s17SwiftHablareTests021SecureKeychainManagerC0C29testSaveAndRetrieveOAuthTokenyyKF
FN:130,$s17SwiftHablareTests021SecureKeychainManagerC0C29testSaveAndRetrieveOAuthTokenyyKFSSyKXEfu_
FN:130,$s17SwiftHablareTests021SecureKeychainManagerC0C29testSaveAndRetrieveOAuthTokenyyKFSSyKXEfu0_
FN:136,$s17SwiftHablareTests021SecureKeychainManagerC0C39testSaveOAuthToken_WithValidation_ValidyyKF
FN:140,$s17SwiftHablareTests021SecureKeychainManagerC0C39testSaveOAuthToken_WithValidation_ValidyyKFyyKXEfu_
FN:146,$s17SwiftHablareTests021SecureKeychainManagerC0C41testSaveOAuthToken_WithValidation_InvalidyyF
FN:150,$s17SwiftHablareTests021SecureKeychainManagerC0C41testSaveOAuthToken_WithValidation_InvalidyyFyyKXEfu_
FN:151,$s17SwiftHablareTests021SecureKeychainManagerC0C41testSaveOAuthToken_WithValidation_InvalidyyFSbyKXEfu0_
FN:154,$s17SwiftHablareTests021SecureKeychainManagerC0C20testDeleteOAuthTokenyyKF
FN:160,$s17SwiftHablareTests021SecureKeychainManagerC0C20testDeleteOAuthTokenyyKFSbyKXEfu_
FN:164,$s17SwiftHablareTests021SecureKeychainManagerC0C20testDeleteOAuthTokenyyKFSbyKXEfu0_
FN:169,$s17SwiftHablareTests021SecureKeychainManagerC0C30testSaveAndRetrieveCertificateyyKF
FN:178,$s17SwiftHablareTests021SecureKeychainManagerC0C30testSaveAndRetrieveCertificateyyKF10Foundation4DataVyKXEfu_
FN:178,$s17SwiftHablareTests021SecureKeychainManagerC0C30testSaveAndRetrieveCertificateyyKF10Foundation4DataVyKXEfu0_
FN:184,$s17SwiftHablareTests021SecureKeychainManagerC0C40testSaveCertificate_WithValidation_ValidyyKF
FN:188,$s17SwiftHablareTests021SecureKeychainManagerC0C40testSaveCertificate_WithValidation_ValidyyKFyyKXEfu_
FN:194,$s17SwiftHablareTests021SecureKeychainManagerC0C42testSaveCertificate_WithValidation_InvalidyyF
FN:198,$s17SwiftHablareTests021SecureKeychainManagerC0C42testSaveCertificate_WithValidation_InvalidyyFyyKXEfu_
FN:199,$s17SwiftHablareTests021SecureKeychainManagerC0C42testSaveCertificate_WithValidation_InvalidyyFSbyKXEfu0_
FN:202,$s17SwiftHablareTests021SecureKeychainManagerC0C21testDeleteCertificateyyKF
FN:208,$s17SwiftHablareTests021SecureKeychainManagerC0C21testDeleteCertificateyyKFSbyKXEfu_
FN:212,$s17SwiftHablareTests021SecureKeychainManagerC0C21testDeleteCertificateyyKFSbyKXEfu0_
FN:217,$s17SwiftHablareTests021SecureKeychainManagerC0C17testHasCredentialyyKF
FN:221,$s17SwiftHablareTests021SecureKeychainManagerC0C17testHasCredentialyyKFSbyKXEfu_
FN:224,$s17SwiftHablareTests021SecureKeychainManagerC0C17testHasCredentialyyKFSbyKXEfu0_
FN:227,$s17SwiftHablareTests021SecureKeychainManagerC0C17testHasCredentialyyKFSbyKXEfu1_
FN:230,$s17SwiftHablareTests021SecureKeychainManagerC0C16testListAccountsyyKF
FN:239,$s17SwiftHablareTests021SecureKeychainManagerC0C16testListAccountsyyKFSbyKXEfu_
FN:240,$s17SwiftHablareTests021SecureKeychainManagerC0C16testListAccountsyyKFSbyKXEfu0_
FN:247,$s17SwiftHablareTests021SecureKeychainManagerC0C22testListAccounts_EmptyyyF
FN:250,$s17SwiftHablareTests021SecureKeychainManagerC0C22testListAccounts_EmptyyyFSbyKXEfu_
FN:250,$s17SwiftHablareTests021SecureKeychainManagerC0C22testListAccounts_EmptyyyFSbyKXEfu_SbyKXEfu0_
FN:250,$s17SwiftHablareTests021SecureKeychainManagerC0C22testListAccounts_EmptyyyFSbyKXEfu_SbyKXEfu0_SbSSXEfU_
FN:253,$s17SwiftHablareTests021SecureKeychainManagerC0C24testDeleteAllCredentialsyyKF
FN:264,$s17SwiftHablareTests021SecureKeychainManagerC0C24testDeleteAllCredentialsyyKFSbyKXEfu_
FN:265,$s17SwiftHablareTests021SecureKeychainManagerC0C24testDeleteAllCredentialsyyKFSbyKXEfu0_
FN:270,$s17SwiftHablareTests021SecureKeychainManagerC0C24testDeleteAllCredentialsyyKFSbyKXEfu1_
FN:271,$s17SwiftHablareTests021SecureKeychainManagerC0C24testDeleteAllCredentialsyyKFSbyKXEfu2_
FN:276,$s17SwiftHablareTests021SecureKeychainManagerC0C27testCredentialTypeIsolationyyKF
FN:287,$s17SwiftHablareTests021SecureKeychainManagerC0C27testCredentialTypeIsolationyyKFSbyKXEfu_
FN:288,$s17SwiftHablareTests021SecureKeychainManagerC0C27testCredentialTypeIsolationyyKFSbyKXEfu0_
FN:294,$s17SwiftHablareTests021SecureKeychainManagerC0C27testCredentialTypeIsolationyyKFSSyKXEfu1_
FN:294,$s17SwiftHablareTests021SecureKeychainManagerC0C27testCredentialTypeIsolationyyKFSSyKXEfu2_
FN:295,$s17SwiftHablareTests021SecureKeychainManagerC0C27testCredentialTypeIsolationyyKFSSyKXEfu3_
FN:295,$s17SwiftHablareTests021SecureKeychainManagerC0C27testCredentialTypeIsolationyyKFSSyKXEfu4_
FN:296,$s17SwiftHablareTests021SecureKeychainManagerC0C27testCredentialTypeIsolationyyKFSSyKXEfu5_
FN:296,$s17SwiftHablareTests021SecureKeychainManagerC0C27testCredentialTypeIsolationyyKFSSyKXEfu6_
FN:300,$s17SwiftHablareTests021SecureKeychainManagerC0C27testCredentialTypeIsolationyyKFSbyKXEfu7_
FN:301,$s17SwiftHablareTests021SecureKeychainManagerC0C27testCredentialTypeIsolationyyKFSbyKXEfu8_
FN:309,$s17SwiftHablareTests021SecureKeychainManagerC0C04testD14StringClearingyyF
FN:311,$s17SwiftHablareTests021SecureKeychainManagerC0C04testD14StringClearingyyFSSyKXEfu_
FN:311,$s17SwiftHablareTests021SecureKeychainManagerC0C04testD14StringClearingyyFSSyKXEfu0_
FN:314,$s17SwiftHablareTests021SecureKeychainManagerC0C04testD14StringClearingyyFSSyKXEfu1_
FN:314,$s17SwiftHablareTests021SecureKeychainManagerC0C04testD14StringClearingyyFSSyKXEfu2_
FN:317,$s17SwiftHablareTests021SecureKeychainManagerC0C04testD15StringAutoClearyyKF
FN:326,$s17SwiftHablareTests021SecureKeychainManagerC0C04testD15StringAutoClearyyKFSSyKXEfu_
FN:326,$s17SwiftHablareTests021SecureKeychainManagerC0C04testD15StringAutoClearyyKFSSyKXEfu0_
FN:332,$s17SwiftHablareTests021SecureKeychainManagerC0C04testD15StringAutoClearyyKFSSyKXEfu1_
FN:332,$s17SwiftHablareTests021SecureKeychainManagerC0C04testD15StringAutoClearyyKFSSyKXEfu2_
FNDA:22,$s17SwiftHablareTests021SecureKeychainManagerC0C5setUpyyF
FNDA:22,$s17SwiftHablareTests021SecureKeychainManagerC0C8tearDownyyF
FNDA:1,$s17SwiftHablareTests021SecureKeychainManagerC0C25testSaveAndRetrieveAPIKeyyyKF
FNDA:1,$s17SwiftHablareTests021SecureKeychainManagerC0C25testSaveAndRetrieveAPIKeyyyKFSSyKXEfu_
FNDA:1,$s17SwiftHablareTests021SecureKeychainManagerC0C25testSaveAndRetrieveAPIKeyyyKFSSyKXEfu0_
FNDA:1,$s17SwiftHablareTests021SecureKeychainManagerC0C35testSaveAPIKey_WithValidation_ValidyyKF
FNDA:1,$s17SwiftHablareTests021SecureKeychainManagerC0C35testSaveAPIKey_WithValidation_ValidyyKFyyKXEfu_
FNDA:1,$s17SwiftHablareTests021SecureKeychainManagerC0C37testSaveAPIKey_WithValidation_InvalidyyF
FNDA:1,$s17SwiftHablareTests021SecureKeychainManagerC0C37testSaveAPIKey_WithValidation_InvalidyyFyyKXEfu_
FNDA:1,$s17SwiftHablareTests021SecureKeychainManagerC0C37testSaveAPIKey_WithValidation_InvalidyyFSbyKXEfu0_
FNDA:1,$s17SwiftHablareTests021SecureKeychainManagerC0C16testUpdateAPIKeyyyKF
FNDA:1,$s17SwiftHablareTests021SecureKeychainManagerC0C16testUpdateAPIKeyyyKFSSyKXEfu_
FNDA:1,$s17SwiftHablareTests021SecureKeychainManagerC0C16testUpdateAPIKeyyyKFSSyKXEfu0_
FNDA:1,$s17SwiftHablareTests021SecureKeychainManagerC0C16testUpdateAPIKeyyyKFSSyKXEfu1_
FNDA:1,$s17SwiftHablareTests021SecureKeychainManagerC0C16testUpdateAPIKeyyyKFSSyKXEfu2_
FNDA:1,$s17SwiftHablareTests021SecureKeychainManagerC0C16testDeleteAPIKeyyyKF
FNDA:1,$s17SwiftHablareTests021SecureKeychainManagerC0C16testDeleteAPIKeyyyKFSbyKXEfu_
FNDA:1,$s17SwiftHablareTests021SecureKeychainManagerC0C16testDeleteAPIKeyyyKFSbyKXEfu0_
FNDA:1,$s17SwiftHablareTests021SecureKeychainManagerC0C25testDeleteAPIKey_NotFoundyyF
FNDA:1,$s17SwiftHablareTests021SecureKeychainManagerC0C25testDeleteAPIKey_NotFoundyyFyyKXEfu_
FNDA:1,$s17SwiftHablareTests021SecureKeychainManagerC0C27testRetrieveAPIKey_NotFoundyyF
FNDA:1,$s17SwiftHablareTests021SecureKeychainManagerC0C27testRetrieveAPIKey_NotFoundyyF0aB00D6StringCyKXEfu_
FNDA:1,$s17SwiftHablareTests021SecureKeychainManagerC0C27testRetrieveAPIKey_NotFoundyyFys5Error_pXEfU_
FNDA:1,$s17SwiftHablareTests021SecureKeychainManagerC0C27testRetrieveAPIKey_NotFoundyyFys5Error_pXEfU_SbyKXEfu_
FNDA:1,$s17SwiftHablareTests021SecureKeychainManagerC0C29testSaveAndRetrieveOAuthTokenyyKF
FNDA:1,$s17SwiftHablareTests021SecureKeychainManagerC0C29testSaveAndRetrieveOAuthTokenyyKFSSyKXEfu_
FNDA:1,$s17SwiftHablareTests021SecureKeychainManagerC0C29testSaveAndRetrieveOAuthTokenyyKFSSyKXEfu0_
FNDA:1,$s17SwiftHablareTests021SecureKeychainManagerC0C39testSaveOAuthToken_WithValidation_ValidyyKF
FNDA:1,$s17SwiftHablareTests021SecureKeychainManagerC0C39testSaveOAuthToken_WithValidation_ValidyyKFyyKXEfu_
FNDA:1,$s17SwiftHablareTests021SecureKeychainManagerC0C41testSaveOAuthToken_WithValidation_InvalidyyF
FNDA:1,$s17SwiftHablareTests021SecureKeychainManagerC0C41testSaveOAuthToken_WithValidation_InvalidyyFyyKXEfu_
FNDA:1,$s17SwiftHablareTests021SecureKeychainManagerC0C41testSaveOAuthToken_WithValidation_InvalidyyFSbyKXEfu0_
FNDA:1,$s17SwiftHablareTests021SecureKeychainManagerC0C20testDeleteOAuthTokenyyKF
FNDA:1,$s17SwiftHablareTests021SecureKeychainManagerC0C20testDeleteOAuthTokenyyKFSbyKXEfu_
FNDA:1,$s17SwiftHablareTests021SecureKeychainManagerC0C20testDeleteOAuthTokenyyKFSbyKXEfu0_
FNDA:1,$s17SwiftHablareTests021SecureKeychainManagerC0C30testSaveAndRetrieveCertificateyyKF
FNDA:1,$s17SwiftHablareTests021SecureKeychainManagerC0C30testSaveAndRetrieveCertificateyyKF10Foundation4DataVyKXEfu_
FNDA:1,$s17SwiftHablareTests021SecureKeychainManagerC0C30testSaveAndRetrieveCertificateyyKF10Foundation4DataVyKXEfu0_
FNDA:1,$s17SwiftHablareTests021SecureKeychainManagerC0C40testSaveCertificate_WithValidation_ValidyyKF
FNDA:1,$s17SwiftHablareTests021SecureKeychainManagerC0C40testSaveCertificate_WithValidation_ValidyyKFyyKXEfu_
FNDA:1,$s17SwiftHablareTests021SecureKeychainManagerC0C42testSaveCertificate_WithValidation_InvalidyyF
FNDA:1,$s17SwiftHablareTests021SecureKeychainManagerC0C42testSaveCertificate_WithValidation_InvalidyyFyyKXEfu_
FNDA:1,$s17SwiftHablareTests021SecureKeychainManagerC0C42testSaveCertificate_WithValidation_InvalidyyFSbyKXEfu0_
FNDA:1,$s17SwiftHablareTests021SecureKeychainManagerC0C21testDeleteCertificateyyKF
FNDA:1,$s17SwiftHablareTests021SecureKeychainManagerC0C21testDeleteCertificateyyKFSbyKXEfu_
FNDA:1,$s17SwiftHablareTests021SecureKeychainManagerC0C21testDeleteCertificateyyKFSbyKXEfu0_
FNDA:1,$s17SwiftHablareTests021SecureKeychainManagerC0C17testHasCredentialyyKF
FNDA:1,$s17SwiftHablareTests021SecureKeychainManagerC0C17testHasCredentialyyKFSbyKXEfu_
FNDA:1,$s17SwiftHablareTests021SecureKeychainManagerC0C17testHasCredentialyyKFSbyKXEfu0_
FNDA:1,$s17SwiftHablareTests021SecureKeychainManagerC0C17testHasCredentialyyKFSbyKXEfu1_
FNDA:1,$s17SwiftHablareTests021SecureKeychainManagerC0C16testListAccountsyyKF
FNDA:1,$s17SwiftHablareTests021SecureKeychainManagerC0C16testListAccountsyyKFSbyKXEfu_
FNDA:1,$s17SwiftHablareTests021SecureKeychainManagerC0C16testListAccountsyyKFSbyKXEfu0_
FNDA:1,$s17SwiftHablareTests021SecureKeychainManagerC0C22testListAccounts_EmptyyyF
FNDA:1,$s17SwiftHablareTests021SecureKeychainManagerC0C22testListAccounts_EmptyyyFSbyKXEfu_
FNDA:0,$s17SwiftHablareTests021SecureKeychainManagerC0C22testListAccounts_EmptyyyFSbyKXEfu_SbyKXEfu0_
FNDA:0,$s17SwiftHablareTests021SecureKeychainManagerC0C22testListAccounts_EmptyyyFSbyKXEfu_SbyKXEfu0_SbSSXEfU_
FNDA:1,$s17SwiftHablareTests021SecureKeychainManagerC0C24testDeleteAllCredentialsyyKF
FNDA:1,$s17SwiftHablareTests021SecureKeychainManagerC0C24testDeleteAllCredentialsyyKFSbyKXEfu_
FNDA:1,$s17SwiftHablareTests021SecureKeychainManagerC0C24testDeleteAllCredentialsyyKFSbyKXEfu0_
FNDA:1,$s17SwiftHablareTests021SecureKeychainManagerC0C24testDeleteAllCredentialsyyKFSbyKXEfu1_
FNDA:1,$s17SwiftHablareTests021SecureKeychainManagerC0C24testDeleteAllCredentialsyyKFSbyKXEfu2_
FNDA:1,$s17SwiftHablareTests021SecureKeychainManagerC0C27testCredentialTypeIsolationyyKF
FNDA:1,$s17SwiftHablareTests021SecureKeychainManagerC0C27testCredentialTypeIsolationyyKFSbyKXEfu_
FNDA:1,$s17SwiftHablareTests021SecureKeychainManagerC0C27testCredentialTypeIsolationyyKFSbyKXEfu0_
FNDA:1,$s17SwiftHablareTests021SecureKeychainManagerC0C27testCredentialTypeIsolationyyKFSSyKXEfu1_
FNDA:1,$s17SwiftHablareTests021SecureKeychainManagerC0C27testCredentialTypeIsolationyyKFSSyKXEfu2_
FNDA:1,$s17SwiftHablareTests021SecureKeychainManagerC0C27testCredentialTypeIsolationyyKFSSyKXEfu3_
FNDA:1,$s17SwiftHablareTests021SecureKeychainManagerC0C27testCredentialTypeIsolationyyKFSSyKXEfu4_
FNDA:1,$s17SwiftHablareTests021SecureKeychainManagerC0C27testCredentialTypeIsolationyyKFSSyKXEfu5_
FNDA:1,$s17SwiftHablareTests021SecureKeychainManagerC0C27testCredentialTypeIsolationyyKFSSyKXEfu6_
FNDA:1,$s17SwiftHablareTests021SecureKeychainManagerC0C27testCredentialTypeIsolationyyKFSbyKXEfu7_
FNDA:1,$s17SwiftHablareTests021SecureKeychainManagerC0C27testCredentialTypeIsolationyyKFSbyKXEfu8_
FNDA:1,$s17SwiftHablareTests021SecureKeychainManagerC0C04testD14StringClearingyyF
FNDA:1,$s17SwiftHablareTests021SecureKeychainManagerC0C04testD14StringClearingyyFSSyKXEfu_
FNDA:1,$s17SwiftHablareTests021SecureKeychainManagerC0C04testD14StringClearingyyFSSyKXEfu0_
FNDA:1,$s17SwiftHablareTests021SecureKeychainManagerC0C04testD14StringClearingyyFSSyKXEfu1_
FNDA:1,$s17SwiftHablareTests021SecureKeychainManagerC0C04testD14StringClearingyyFSSyKXEfu2_
FNDA:1,$s17SwiftHablareTests021SecureKeychainManagerC0C04testD15StringAutoClearyyKF
FNDA:1,$s17SwiftHablareTests021SecureKeychainManagerC0C04testD15StringAutoClearyyKFSSyKXEfu_
FNDA:1,$s17SwiftHablareTests021SecureKeychainManagerC0C04testD15StringAutoClearyyKFSSyKXEfu0_
FNDA:1,$s17SwiftHablareTests021SecureKeychainManagerC0C04testD15StringAutoClearyyKFSSyKXEfu1_
FNDA:1,$s17SwiftHablareTests021SecureKeychainManagerC0C04testD15StringAutoClearyyKFSSyKXEfu2_
FNF:83
FNH:81
DA:14,22
DA:15,22
DA:16,22
DA:17,22
DA:19,22
DA:20,22
DA:21,22
DA:22,22
DA:23,22
DA:27,1
DA:28,1
DA:29,1
DA:30,1
DA:31,1
DA:32,1
DA:33,1
DA:34,1
DA:35,1
DA:36,1
DA:37,1
DA:38,1
DA:39,1
DA:40,1
DA:42,1
DA:43,1
DA:44,1
DA:45,1
DA:46,1
DA:47,1
DA:48,1
DA:49,1
DA:50,1
DA:52,1
DA:53,1
DA:54,1
DA:55,1
DA:56,1
DA:57,1
DA:58,1
DA:59,1
DA:60,1
DA:62,1
DA:63,1
DA:64,1
DA:65,1
DA:66,1
DA:67,1
DA:68,1
DA:69,1
DA:70,1
DA:71,1
DA:72,1
DA:73,1
DA:74,1
DA:75,1
DA:76,1
DA:77,1
DA:78,1
DA:79,1
DA:80,1
DA:81,1
DA:82,1
DA:83,1
DA:84,1
DA:86,1
DA:87,1
DA:88,1
DA:89,1
DA:90,1
DA:91,1
DA:92,1
DA:93,1
DA:94,1
DA:95,1
DA:96,1
DA:97,1
DA:99,1
DA:100,1
DA:101,1
DA:102,1
DA:103,1
DA:104,1
DA:106,1
DA:107,1
DA:108,1
DA:109,1
DA:110,1
DA:111,1
DA:112,1
DA:113,1
DA:114,0
DA:115,0
DA:116,1
DA:117,1
DA:121,1
DA:122,1
DA:123,1
DA:124,1
DA:125,1
DA:126,1
DA:127,1
DA:128,1
DA:129,1
DA:130,1
DA:131,1
DA:132,1
DA:133,1
DA:134,1
DA:136,1
DA:137,1
DA:138,1
DA:139,1
DA:140,1
DA:141,1
DA:142,1
DA:143,1
DA:144,1
DA:146,1
DA:147,1
DA:148,1
DA:149,1
DA:150,1
DA:151,1
DA:152,1
DA:154,1
DA:155,1
DA:156,1
DA:157,1
DA:158,1
DA:159,1
DA:160,1
DA:161,1
DA:162,1
DA:163,1
DA:164,1
DA:165,1
DA:169,1
DA:170,1
DA:171,1
DA:172,1
DA:173,1
DA:174,1
DA:175,1
DA:176,1
DA:177,1
DA:178,1
DA:179,1
DA:180,1
DA:181,1
DA:182,1
DA:184,1
DA:185,1
DA:186,1
DA:187,1
DA:188,1
DA:189,1
DA:190,1
DA:191,1
DA:192,1
DA:194,1
DA:195,1
DA:196,1
DA:197,1
DA:198,1
DA:199,1
DA:200,1
DA:202,1
DA:203,1
DA:204,1
DA:205,1
DA:206,1
DA:207,1
DA:208,1
DA:209,1
DA:210,1
DA:211,1
DA:212,1
DA:213,1
DA:217,1
DA:218,1
DA:219,1
DA:220,1
DA:221,1
DA:222,1
DA:223,1
DA:224,1
DA:225,1
DA:226,1
DA:227,1
DA:228,1
DA:230,1
DA:231,1
DA:232,1
DA:233,1
DA:234,1
DA:235,1
DA:236,1
DA:237,1
DA:238,1
DA:239,1
DA:240,1
DA:241,1
DA:242,1
DA:243,1
DA:244,1
DA:245,1
DA:247,1
DA:248,1
DA:249,1
DA:250,1
DA:251,1
DA:253,1
DA:254,1
DA:255,1
DA:256,1
DA:257,1
DA:258,1
DA:259,1
DA:260,1
DA:261,1
DA:262,1
DA:263,1
DA:264,1
DA:265,1
DA:266,1
DA:267,1
DA:268,1
DA:269,1
DA:270,1
DA:271,1
DA:272,1
DA:276,1
DA:277,1
DA:278,1
DA:279,1
DA:280,1
DA:281,1
DA:282,1
DA:283,1
DA:284,1
DA:285,1
DA:286,1
DA:287,1
DA:288,1
DA:289,1
DA:290,1
DA:291,1
DA:292,1
DA:293,1
DA:294,1
DA:295,1
DA:296,1
DA:297,1
DA:298,1
DA:299,1
DA:300,1
DA:301,1
DA:302,1
DA:303,1
DA:304,1
DA:305,1
DA:309,1
DA:310,1
DA:311,1
DA:312,1
DA:313,1
DA:314,1
DA:315,1
DA:317,1
DA:318,1
DA:319,1
DA:320,1
DA:321,1
DA:322,1
DA:323,1
DA:324,1
DA:325,1
DA:326,1
DA:327,1
DA:328,1
DA:329,1
DA:330,1
DA:331,1
DA:332,1
DA:333,1
DA:334,1
DA:335,1
DA:336,1
BRF:0
BRH:0
LF:354
LH:350
end_of_record
